#-----------------------------------------------------------
# Vivado v2018.3 (64-bit)
# SW Build 2405991 on Thu Dec  6 23:38:27 MST 2018
# IP Build 2404404 on Fri Dec  7 01:43:56 MST 2018
# Start of session at: Fri Jul 31 22:20:02 2020
# Process ID: 8056
# Current directory: C:/Users/16331/Documents/GitHub_Projects/xilinx-summer-camp-project/project2/project_v2_RGB2HSV
# Command line: vivado.exe -gui_launcher_event rodinguilauncherevent14060 C:\Users\16331\Documents\GitHub_Projects\xilinx-summer-camp-project\project2\project_v2_RGB2HSV\RGB_LED_v1.xpr
# Log file: C:/Users/16331/Documents/GitHub_Projects/xilinx-summer-camp-project/project2/project_v2_RGB2HSV/vivado.log
# Journal file: C:/Users/16331/Documents/GitHub_Projects/xilinx-summer-camp-project/project2/project_v2_RGB2HSV\vivado.jou
#-----------------------------------------------------------
start_gui
open_project C:/Users/16331/Documents/GitHub_Projects/xilinx-summer-camp-project/project2/project_v2_RGB2HSV/RGB_LED_v1.xpr
INFO: [ProjectBase 1-489] The host OS only allows 260 characters in a normal path. The project is stored in a path with more than 80 characters. If you experience issues with IP, Block Designs, or files not being found, please consider moving the project to a location with a shorter path. Alternately consider using the OS subst command to map part of the path to a drive letter.
Current project path is 'C:/Users/16331/Documents/GitHub_Projects/xilinx-summer-camp-project/project2/project_v2_RGB2HSV'
INFO: [Project 1-313] Project file moved from 'C:/Users/16331/Documents/GitHub_Projects/xilinx-summer-camp-project/project_v2_RGB2HSV' since last save.
WARNING: [Project 1-312] File not found as 'C:/Users/16331/Documents/Desktop/xilinx_summer/Camera_Demo/Camera_Demo.srcs/sources_1/new/Driver_Bayer_To_RGB.v'; using path 'C:/Users/16331/Desktop/xilinx_summer/Camera_Demo/Camera_Demo.srcs/sources_1/new/Driver_Bayer_To_RGB.v' instead.
WARNING: [Project 1-312] File not found as 'C:/Users/16331/Documents/Desktop/xilinx_summer/Camera_Demo/Camera_Demo.srcs/sources_1/new/Driver_Csi_To_Dvp.v'; using path 'C:/Users/16331/Desktop/xilinx_summer/Camera_Demo/Camera_Demo.srcs/sources_1/new/Driver_Csi_To_Dvp.v' instead.
WARNING: [Project 1-312] File not found as 'C:/Users/16331/Documents/Desktop/xilinx_summer/Camera_Demo/Camera_Demo.srcs/sources_1/new/Driver_IIC.v'; using path 'C:/Users/16331/Desktop/xilinx_summer/Camera_Demo/Camera_Demo.srcs/sources_1/new/Driver_IIC.v' instead.
WARNING: [Project 1-312] File not found as 'C:/Users/16331/Documents/Desktop/xilinx_summer/Camera_Demo/Camera_Demo.srcs/sources_1/new/Driver_MIPI.v'; using path 'C:/Users/16331/Desktop/xilinx_summer/Camera_Demo/Camera_Demo.srcs/sources_1/new/Driver_MIPI.v' instead.
WARNING: [Project 1-312] File not found as 'C:/Users/16331/Documents/Desktop/xilinx_summer/Camera_Demo/Camera_Demo.srcs/sources_1/new/OV5647_Init.v'; using path 'C:/Users/16331/Desktop/xilinx_summer/Camera_Demo/Camera_Demo.srcs/sources_1/new/OV5647_Init.v' instead.
WARNING: [Project 1-312] File not found as 'C:/Users/16331/Documents/Desktop/xilinx_summer/Camera_Demo/Camera_Demo.srcs/sources_1/new/Trigger_Generator.v'; using path 'C:/Users/16331/Desktop/xilinx_summer/Camera_Demo/Camera_Demo.srcs/sources_1/new/Trigger_Generator.v' instead.
WARNING: [Project 1-312] File not found as 'C:/Users/16331/Documents/Desktop/xilinx_summer/Camera_Demo/Camera_Demo.ip_user_files/ip/AXIS_Data_RAM/AXIS_Data_RAM.veo'; using path 'C:/Users/16331/Desktop/xilinx_summer/Camera_Demo/Camera_Demo.ip_user_files/ip/AXIS_Data_RAM/AXIS_Data_RAM.veo' instead.
WARNING: [Project 1-312] File not found as 'C:/Users/16331/Documents/Desktop/xilinx_summer/Camera_Demo/Camera_Demo.ip_user_files/ip/AXIS_Data_RAM/AXIS_Data_RAM.vho'; using path 'C:/Users/16331/Desktop/xilinx_summer/Camera_Demo/Camera_Demo.ip_user_files/ip/AXIS_Data_RAM/AXIS_Data_RAM.vho' instead.
WARNING: [Project 1-312] File not found as 'C:/Users/16331/Documents/Desktop/xilinx_summer/Camera_Demo/Camera_Demo.ip_user_files/ip/RAM_Line/RAM_Line.vho'; using path 'C:/Users/16331/Desktop/xilinx_summer/Camera_Demo/Camera_Demo.ip_user_files/ip/RAM_Line/RAM_Line.vho' instead.
WARNING: [Project 1-312] File not found as 'C:/Users/16331/Documents/Desktop/xilinx_summer/Camera_Demo/Camera_Demo.ip_user_files/ip/RAM_Line/RAM_Line.veo'; using path 'C:/Users/16331/Desktop/xilinx_summer/Camera_Demo/Camera_Demo.ip_user_files/ip/RAM_Line/RAM_Line.veo' instead.
Scanning sources...
Finished scanning sources
WARNING: [Project 1-312] File not found as 'C:/Users/16331/Documents/Desktop/xilinx_summer/Camera_Demo/Camera_Demo.srcs/sources_1/new/Driver_Bayer_To_RGB.v'; using path 'C:/Users/16331/Desktop/xilinx_summer/Camera_Demo/Camera_Demo.srcs/sources_1/new/Driver_Bayer_To_RGB.v' instead.
WARNING: [Project 1-312] File not found as 'C:/Users/16331/Documents/Desktop/xilinx_summer/Camera_Demo/Camera_Demo.srcs/sources_1/new/Driver_Csi_To_Dvp.v'; using path 'C:/Users/16331/Desktop/xilinx_summer/Camera_Demo/Camera_Demo.srcs/sources_1/new/Driver_Csi_To_Dvp.v' instead.
WARNING: [Project 1-312] File not found as 'C:/Users/16331/Documents/Desktop/xilinx_summer/Camera_Demo/Camera_Demo.srcs/sources_1/new/Driver_IIC.v'; using path 'C:/Users/16331/Desktop/xilinx_summer/Camera_Demo/Camera_Demo.srcs/sources_1/new/Driver_IIC.v' instead.
WARNING: [Project 1-312] File not found as 'C:/Users/16331/Documents/Desktop/xilinx_summer/Camera_Demo/Camera_Demo.srcs/sources_1/new/Driver_MIPI.v'; using path 'C:/Users/16331/Desktop/xilinx_summer/Camera_Demo/Camera_Demo.srcs/sources_1/new/Driver_MIPI.v' instead.
WARNING: [Project 1-312] File not found as 'C:/Users/16331/Documents/Desktop/xilinx_summer/Camera_Demo/Camera_Demo.srcs/sources_1/new/OV5647_Init.v'; using path 'C:/Users/16331/Desktop/xilinx_summer/Camera_Demo/Camera_Demo.srcs/sources_1/new/OV5647_Init.v' instead.
WARNING: [Project 1-312] File not found as 'C:/Users/16331/Documents/Desktop/xilinx_summer/Camera_Demo/Camera_Demo.srcs/sources_1/new/Trigger_Generator.v'; using path 'C:/Users/16331/Desktop/xilinx_summer/Camera_Demo/Camera_Demo.srcs/sources_1/new/Trigger_Generator.v' instead.
WARNING: [Project 1-312] File not found as 'C:/Users/16331/Documents/Desktop/xilinx_summer/Camera_Demo/Camera_Demo.ip_user_files/ip/AXIS_Data_RAM/AXIS_Data_RAM.veo'; using path 'C:/Users/16331/Desktop/xilinx_summer/Camera_Demo/Camera_Demo.ip_user_files/ip/AXIS_Data_RAM/AXIS_Data_RAM.veo' instead.
WARNING: [Project 1-312] File not found as 'C:/Users/16331/Documents/Desktop/xilinx_summer/Camera_Demo/Camera_Demo.ip_user_files/ip/AXIS_Data_RAM/AXIS_Data_RAM.vho'; using path 'C:/Users/16331/Desktop/xilinx_summer/Camera_Demo/Camera_Demo.ip_user_files/ip/AXIS_Data_RAM/AXIS_Data_RAM.vho' instead.
WARNING: [Project 1-312] File not found as 'C:/Users/16331/Documents/Desktop/xilinx_summer/Camera_Demo/Camera_Demo.ip_user_files/ip/RAM_Line/RAM_Line.vho'; using path 'C:/Users/16331/Desktop/xilinx_summer/Camera_Demo/Camera_Demo.ip_user_files/ip/RAM_Line/RAM_Line.vho' instead.
WARNING: [Project 1-312] File not found as 'C:/Users/16331/Documents/Desktop/xilinx_summer/Camera_Demo/Camera_Demo.ip_user_files/ip/RAM_Line/RAM_Line.veo'; using path 'C:/Users/16331/Desktop/xilinx_summer/Camera_Demo/Camera_Demo.ip_user_files/ip/RAM_Line/RAM_Line.veo' instead.
WARNING: [Project 1-312] File not found as 'C:/Users/16331/Documents/Desktop/xilinx_summer/Camera_Demo/Camera_Demo.srcs/sources_1/new/Driver_Bayer_To_RGB.v'; using path 'C:/Users/16331/Desktop/xilinx_summer/Camera_Demo/Camera_Demo.srcs/sources_1/new/Driver_Bayer_To_RGB.v' instead.
WARNING: [Project 1-312] File not found as 'C:/Users/16331/Documents/Desktop/xilinx_summer/Camera_Demo/Camera_Demo.srcs/sources_1/new/Driver_Csi_To_Dvp.v'; using path 'C:/Users/16331/Desktop/xilinx_summer/Camera_Demo/Camera_Demo.srcs/sources_1/new/Driver_Csi_To_Dvp.v' instead.
WARNING: [Project 1-312] File not found as 'C:/Users/16331/Documents/Desktop/xilinx_summer/Camera_Demo/Camera_Demo.srcs/sources_1/new/Driver_IIC.v'; using path 'C:/Users/16331/Desktop/xilinx_summer/Camera_Demo/Camera_Demo.srcs/sources_1/new/Driver_IIC.v' instead.
WARNING: [Project 1-312] File not found as 'C:/Users/16331/Documents/Desktop/xilinx_summer/Camera_Demo/Camera_Demo.srcs/sources_1/new/Driver_MIPI.v'; using path 'C:/Users/16331/Desktop/xilinx_summer/Camera_Demo/Camera_Demo.srcs/sources_1/new/Driver_MIPI.v' instead.
WARNING: [Project 1-312] File not found as 'C:/Users/16331/Documents/Desktop/xilinx_summer/Camera_Demo/Camera_Demo.srcs/sources_1/new/OV5647_Init.v'; using path 'C:/Users/16331/Desktop/xilinx_summer/Camera_Demo/Camera_Demo.srcs/sources_1/new/OV5647_Init.v' instead.
WARNING: [Project 1-312] File not found as 'C:/Users/16331/Documents/Desktop/xilinx_summer/Camera_Demo/Camera_Demo.srcs/sources_1/new/Trigger_Generator.v'; using path 'C:/Users/16331/Desktop/xilinx_summer/Camera_Demo/Camera_Demo.srcs/sources_1/new/Trigger_Generator.v' instead.
WARNING: [Project 1-312] File not found as 'C:/Users/16331/Documents/Desktop/xilinx_summer/Camera_Demo/Camera_Demo.ip_user_files/ip/AXIS_Data_RAM/AXIS_Data_RAM.veo'; using path 'C:/Users/16331/Desktop/xilinx_summer/Camera_Demo/Camera_Demo.ip_user_files/ip/AXIS_Data_RAM/AXIS_Data_RAM.veo' instead.
WARNING: [Project 1-312] File not found as 'C:/Users/16331/Documents/Desktop/xilinx_summer/Camera_Demo/Camera_Demo.ip_user_files/ip/AXIS_Data_RAM/AXIS_Data_RAM.vho'; using path 'C:/Users/16331/Desktop/xilinx_summer/Camera_Demo/Camera_Demo.ip_user_files/ip/AXIS_Data_RAM/AXIS_Data_RAM.vho' instead.
WARNING: [Project 1-312] File not found as 'C:/Users/16331/Documents/Desktop/xilinx_summer/Camera_Demo/Camera_Demo.ip_user_files/ip/RAM_Line/RAM_Line.vho'; using path 'C:/Users/16331/Desktop/xilinx_summer/Camera_Demo/Camera_Demo.ip_user_files/ip/RAM_Line/RAM_Line.vho' instead.
WARNING: [Project 1-312] File not found as 'C:/Users/16331/Documents/Desktop/xilinx_summer/Camera_Demo/Camera_Demo.ip_user_files/ip/RAM_Line/RAM_Line.veo'; using path 'C:/Users/16331/Desktop/xilinx_summer/Camera_Demo/Camera_Demo.ip_user_files/ip/RAM_Line/RAM_Line.veo' instead.
INFO: [IP_Flow 19-234] Refreshing IP repositories
INFO: [IP_Flow 19-1700] Loaded user IP repository 'c:/Users/16331/Documents/GitHub_Projects/xilinx-summer-camp-project/project2/project_v2_RGB2HSV/MyIP'.
INFO: [IP_Flow 19-2313] Loaded Vivado IP repository 'D:/Xilinx/Vivado/2018.3/data/ip'.
CRITICAL WARNING: [IP_Flow 19-1663] Duplicate IP found for 'trenz.biz:user:csi_to_axis:1.0'. The one found in IP location 'c:/Users/16331/Documents/GitHub_Projects/xilinx-summer-camp-project/project2/project_v2_RGB2HSV/MyIP/Camera-IP/IP/CSI2AXIS_1.0_IP' will take precedence over the same IP in location c:/Users/16331/Documents/GitHub_Projects/xilinx-summer-camp-project/project2/project_v2_RGB2HSV/MyIP/CSI2AXIS_1.0_IP
CRITICAL WARNING: [IP_Flow 19-1663] Duplicate IP found for 'trenz.biz:user:csi2_d_phy_rx:1.0'. The one found in IP location 'c:/Users/16331/Documents/GitHub_Projects/xilinx-summer-camp-project/project2/project_v2_RGB2HSV/MyIP/Camera-IP/IP/CSI2DPHY_RX_1.0_IP' will take precedence over the same IP in location c:/Users/16331/Documents/GitHub_Projects/xilinx-summer-camp-project/project2/project_v2_RGB2HSV/MyIP/CSI2DPHY_RX_1.0_IP
CRITICAL WARNING: [IP_Flow 19-1663] Duplicate IP found for 'digilentinc.com:ip:rgb2dvi:1.2'. The one found in IP location 'c:/Users/16331/Documents/GitHub_Projects/xilinx-summer-camp-project/project2/project_v2_RGB2HSV/MyIP/Mini-HDMI-IP/IP/RGB2DVI_IP' will take precedence over the same IP in location c:/Users/16331/Documents/GitHub_Projects/xilinx-summer-camp-project/project2/project_v2_RGB2HSV/MyIP/RGB2DVI_IP
open_project: Time (s): cpu = 00:00:16 ; elapsed = 00:00:08 . Memory (MB): peak = 780.699 ; gain = 163.902
update_compile_order -fileset sources_1
reset_project
export_ip_user_files -of_objects  [get_files C:/Users/16331/Documents/GitHub_Projects/xilinx-summer-camp-project/project2/project_v2_RGB2HSV/RGB_LED_v1.srcs/sim_1/new/test_color.v] -no_script -reset -force -quiet
remove_files  -fileset sim_1 C:/Users/16331/Documents/GitHub_Projects/xilinx-summer-camp-project/project2/project_v2_RGB2HSV/RGB_LED_v1.srcs/sim_1/new/test_color.v
file delete -force C:/Users/16331/Documents/GitHub_Projects/xilinx-summer-camp-project/project2/project_v2_RGB2HSV/RGB_LED_v1.srcs/sim_1/new/test_color.v
reset_simulation
INFO: [Vivado 12-2266] Removing simulation data...
INFO: [Vivado 12-2267] Reset complete
launch_runs impl_1 -to_step write_bitstream -jobs 8
INFO: [IP_Flow 19-1686] Generating 'Synthesis' target for IP 'rgb2dvi_0'...
INFO: [IP_Flow 19-1686] Generating 'Synthesis' target for IP 'clk_wiz_1'...
INFO: [IP_Flow 19-1686] Generating 'Implementation' target for IP 'clk_wiz_1'...
INFO: [IP_Flow 19-1686] Generating 'Synthesis' target for IP 'csi2_d_phy_rx_0'...
INFO: [IP_Flow 19-1686] Generating 'Synthesis' target for IP 'csi_to_axis_0'...
INFO: [IP_Flow 19-1686] Generating 'Synthesis' target for IP 'RAM_Line'...
INFO: [IP_Flow 19-1686] Generating 'Synthesis' target for IP 'AXIS_Data_RAM'...
INFO: [IP_Flow 19-1686] Generating 'Synthesis' target for IP 'Key_0'...
INFO: [IP_Flow 19-1686] Generating 'Synthesis' target for IP 'Clk_Division_0'...
INFO: [IP_Flow 19-1686] Generating 'Synthesis' target for IP 'clk_wiz_0'...
INFO: [IP_Flow 19-1686] Generating 'Implementation' target for IP 'clk_wiz_0'...
[Fri Jul 31 22:24:03 2020] Launched rgb2dvi_0_synth_1, clk_wiz_1_synth_1, csi2_d_phy_rx_0_synth_1, csi_to_axis_0_synth_1, RAM_Line_synth_1, AXIS_Data_RAM_synth_1, Key_0_synth_1, Clk_Division_0_synth_1, clk_wiz_0_synth_1, synth_1...
Run output will be captured here:
rgb2dvi_0_synth_1: C:/Users/16331/Documents/GitHub_Projects/xilinx-summer-camp-project/project2/project_v2_RGB2HSV/RGB_LED_v1.runs/rgb2dvi_0_synth_1/runme.log
clk_wiz_1_synth_1: C:/Users/16331/Documents/GitHub_Projects/xilinx-summer-camp-project/project2/project_v2_RGB2HSV/RGB_LED_v1.runs/clk_wiz_1_synth_1/runme.log
csi2_d_phy_rx_0_synth_1: C:/Users/16331/Documents/GitHub_Projects/xilinx-summer-camp-project/project2/project_v2_RGB2HSV/RGB_LED_v1.runs/csi2_d_phy_rx_0_synth_1/runme.log
csi_to_axis_0_synth_1: C:/Users/16331/Documents/GitHub_Projects/xilinx-summer-camp-project/project2/project_v2_RGB2HSV/RGB_LED_v1.runs/csi_to_axis_0_synth_1/runme.log
RAM_Line_synth_1: C:/Users/16331/Documents/GitHub_Projects/xilinx-summer-camp-project/project2/project_v2_RGB2HSV/RGB_LED_v1.runs/RAM_Line_synth_1/runme.log
AXIS_Data_RAM_synth_1: C:/Users/16331/Documents/GitHub_Projects/xilinx-summer-camp-project/project2/project_v2_RGB2HSV/RGB_LED_v1.runs/AXIS_Data_RAM_synth_1/runme.log
Key_0_synth_1: C:/Users/16331/Documents/GitHub_Projects/xilinx-summer-camp-project/project2/project_v2_RGB2HSV/RGB_LED_v1.runs/Key_0_synth_1/runme.log
Clk_Division_0_synth_1: C:/Users/16331/Documents/GitHub_Projects/xilinx-summer-camp-project/project2/project_v2_RGB2HSV/RGB_LED_v1.runs/Clk_Division_0_synth_1/runme.log
clk_wiz_0_synth_1: C:/Users/16331/Documents/GitHub_Projects/xilinx-summer-camp-project/project2/project_v2_RGB2HSV/RGB_LED_v1.runs/clk_wiz_0_synth_1/runme.log
synth_1: C:/Users/16331/Documents/GitHub_Projects/xilinx-summer-camp-project/project2/project_v2_RGB2HSV/RGB_LED_v1.runs/synth_1/runme.log
[Fri Jul 31 22:24:05 2020] Launched impl_1...
Run output will be captured here: C:/Users/16331/Documents/GitHub_Projects/xilinx-summer-camp-project/project2/project_v2_RGB2HSV/RGB_LED_v1.runs/impl_1/runme.log
open_hw
connect_hw_server
INFO: [Labtools 27-2285] Connecting to hw_server url TCP:localhost:3121
INFO: [Labtools 27-2222] Launching hw_server...
INFO: [Labtools 27-2221] Launch Output:

****** Xilinx hw_server v2018.3
  **** Build date : Dec  7 2018-00:40:27
    ** Copyright 1986-2018 Xilinx, Inc. All Rights Reserved.


open_hw_target
INFO: [Labtoolstcl 44-466] Opening hw_target localhost:3121/xilinx_tcf/Digilent/210512180081
set_property PROGRAM.FILE {C:/Users/16331/Documents/GitHub_Projects/xilinx-summer-camp-project/project2/project_v2_RGB2HSV/RGB_LED_v1.runs/impl_1/SystemTop.bit} [get_hw_devices xc7s15_0]
current_hw_device [get_hw_devices xc7s15_0]
refresh_hw_device -update_hw_probes false [lindex [get_hw_devices xc7s15_0] 0]
INFO: [Labtools 27-1434] Device xc7s15 (JTAG device index = 0) is programmed with a design that has no supported debug core(s) in it.
set_property PROBES.FILE {} [get_hw_devices xc7s15_0]
set_property FULL_PROBES.FILE {} [get_hw_devices xc7s15_0]
set_property PROGRAM.FILE {C:/Users/16331/Documents/GitHub_Projects/xilinx-summer-camp-project/project2/project_v2_RGB2HSV/RGB_LED_v1.runs/impl_1/SystemTop.bit} [get_hw_devices xc7s15_0]
program_hw_devices [get_hw_devices xc7s15_0]
INFO: [Labtools 27-3164] End of startup status: HIGH
refresh_hw_device [lindex [get_hw_devices xc7s15_0] 0]
INFO: [Labtools 27-1434] Device xc7s15 (JTAG device index = 0) is programmed with a design that has no supported debug core(s) in it.
exit
INFO: [Common 17-206] Exiting Vivado at Fri Jul 31 22:29:11 2020...
