#-----------------------------------------------------------
# Vivado v2018.3 (64-bit)
# SW Build 2405991 on Thu Dec  6 23:38:27 MST 2018
# IP Build 2404404 on Fri Dec  7 01:43:56 MST 2018
# Start of session at: Thu Jul 30 11:00:24 2020
# Process ID: 44136
# Current directory: C:/Users/16331/Documents/GitHub_Projects/A05_v1/RGB_LED_v1
# Command line: vivado.exe -gui_launcher_event rodinguilauncherevent25472 C:\Users\16331\Documents\GitHub_Projects\A05_v1\RGB_LED_v1\RGB_LED_v1.xpr
# Log file: C:/Users/16331/Documents/GitHub_Projects/A05_v1/RGB_LED_v1/vivado.log
# Journal file: C:/Users/16331/Documents/GitHub_Projects/A05_v1/RGB_LED_v1\vivado.jou
#-----------------------------------------------------------
start_gui
open_project C:/Users/16331/Documents/GitHub_Projects/A05_v1/RGB_LED_v1/RGB_LED_v1.xpr
Scanning sources...
Finished scanning sources
INFO: [IP_Flow 19-234] Refreshing IP repositories
INFO: [IP_Flow 19-1700] Loaded user IP repository 'c:/Users/16331/Documents/GitHub_Projects/A05_v1/RGB_LED_v1/MyIP'.
INFO: [IP_Flow 19-2313] Loaded Vivado IP repository 'D:/Xilinx/Vivado/2018.3/data/ip'.
CRITICAL WARNING: [IP_Flow 19-1663] Duplicate IP found for 'trenz.biz:user:csi_to_axis:1.0'. The one found in IP location 'c:/Users/16331/Documents/GitHub_Projects/A05_v1/RGB_LED_v1/MyIP/Camera-IP/IP/CSI2AXIS_1.0_IP' will take precedence over the same IP in location c:/Users/16331/Documents/GitHub_Projects/A05_v1/RGB_LED_v1/MyIP/CSI2AXIS_1.0_IP
CRITICAL WARNING: [IP_Flow 19-1663] Duplicate IP found for 'trenz.biz:user:csi2_d_phy_rx:1.0'. The one found in IP location 'c:/Users/16331/Documents/GitHub_Projects/A05_v1/RGB_LED_v1/MyIP/Camera-IP/IP/CSI2DPHY_RX_1.0_IP' will take precedence over the same IP in location c:/Users/16331/Documents/GitHub_Projects/A05_v1/RGB_LED_v1/MyIP/CSI2DPHY_RX_1.0_IP
CRITICAL WARNING: [IP_Flow 19-1663] Duplicate IP found for 'digilentinc.com:ip:rgb2dvi:1.2'. The one found in IP location 'c:/Users/16331/Documents/GitHub_Projects/A05_v1/RGB_LED_v1/MyIP/Mini-HDMI-IP/IP/RGB2DVI_IP' will take precedence over the same IP in location c:/Users/16331/Documents/GitHub_Projects/A05_v1/RGB_LED_v1/MyIP/RGB2DVI_IP
open_project: Time (s): cpu = 00:00:17 ; elapsed = 00:00:09 . Memory (MB): peak = 773.602 ; gain = 160.883
update_compile_order -fileset sources_1
open_hw
connect_hw_server
INFO: [Labtools 27-2285] Connecting to hw_server url TCP:localhost:3121
open_hw_target
INFO: [Labtoolstcl 44-466] Opening hw_target localhost:3121/xilinx_tcf/Digilent/210512180081
set_property PROGRAM.FILE {C:/Users/16331/Documents/GitHub_Projects/A05_v1/RGB_LED_v1/RGB_LED_v1.runs/impl_1/SystemTop.bit} [get_hw_devices xc7s15_0]
current_hw_device [get_hw_devices xc7s15_0]
refresh_hw_device -update_hw_probes false [lindex [get_hw_devices xc7s15_0] 0]
INFO: [Labtools 27-1434] Device xc7s15 (JTAG device index = 0) is programmed with a design that has no supported debug core(s) in it.
set_property PROBES.FILE {} [get_hw_devices xc7s15_0]
set_property FULL_PROBES.FILE {} [get_hw_devices xc7s15_0]
set_property PROGRAM.FILE {C:/Users/16331/Documents/GitHub_Projects/A05_v1/RGB_LED_v1/RGB_LED_v1.runs/impl_1/SystemTop.bit} [get_hw_devices xc7s15_0]
program_hw_devices [get_hw_devices xc7s15_0]
INFO: [Labtools 27-3164] End of startup status: HIGH
refresh_hw_device [lindex [get_hw_devices xc7s15_0] 0]
INFO: [Labtools 27-1434] Device xc7s15 (JTAG device index = 0) is programmed with a design that has no supported debug core(s) in it.
ERROR: [Labtoolstcl 44-513] HW Target shutdown. Closing target: localhost:3121/xilinx_tcf/Digilent/210512180081
ERROR: [Common 17-180] Spawn failed: No error
reset_run synth_1
launch_runs impl_1 -to_step write_bitstream -jobs 8
[Thu Jul 30 11:07:15 2020] Launched synth_1...
Run output will be captured here: C:/Users/16331/Documents/GitHub_Projects/A05_v1/RGB_LED_v1/RGB_LED_v1.runs/synth_1/runme.log
[Thu Jul 30 11:07:15 2020] Launched impl_1...
Run output will be captured here: C:/Users/16331/Documents/GitHub_Projects/A05_v1/RGB_LED_v1/RGB_LED_v1.runs/impl_1/runme.log
INFO: [Labtoolstcl 44-466] Opening hw_target localhost:3121/xilinx_tcf/Digilent/210512180081
INFO: [Labtools 27-1435] Device xc7s15 (JTAG device index = 0) is not programmed (DONE status = 0).
WARNING: [Labtoolstcl 44-129] No matching hw_ila_data was found.
set_property PROBES.FILE {} [get_hw_devices xc7s15_0]
set_property FULL_PROBES.FILE {} [get_hw_devices xc7s15_0]
set_property PROGRAM.FILE {C:/Users/16331/Documents/GitHub_Projects/A05_v1/RGB_LED_v1/RGB_LED_v1.runs/impl_1/SystemTop.bit} [get_hw_devices xc7s15_0]
program_hw_devices [get_hw_devices xc7s15_0]
INFO: [Labtools 27-3164] End of startup status: HIGH
refresh_hw_device [lindex [get_hw_devices xc7s15_0] 0]
INFO: [Labtools 27-1434] Device xc7s15 (JTAG device index = 0) is programmed with a design that has no supported debug core(s) in it.
reset_run synth_1
launch_runs impl_1 -to_step write_bitstream -jobs 8
[Thu Jul 30 11:09:59 2020] Launched synth_1...
Run output will be captured here: C:/Users/16331/Documents/GitHub_Projects/A05_v1/RGB_LED_v1/RGB_LED_v1.runs/synth_1/runme.log
[Thu Jul 30 11:09:59 2020] Launched impl_1...
Run output will be captured here: C:/Users/16331/Documents/GitHub_Projects/A05_v1/RGB_LED_v1/RGB_LED_v1.runs/impl_1/runme.log
set_property PROBES.FILE {} [get_hw_devices xc7s15_0]
set_property FULL_PROBES.FILE {} [get_hw_devices xc7s15_0]
set_property PROGRAM.FILE {C:/Users/16331/Documents/GitHub_Projects/A05_v1/RGB_LED_v1/RGB_LED_v1.runs/impl_1/SystemTop.bit} [get_hw_devices xc7s15_0]
program_hw_devices [get_hw_devices xc7s15_0]
INFO: [Labtools 27-3164] End of startup status: HIGH
refresh_hw_device [lindex [get_hw_devices xc7s15_0] 0]
INFO: [Labtools 27-1434] Device xc7s15 (JTAG device index = 0) is programmed with a design that has no supported debug core(s) in it.
ERROR: [Labtoolstcl 44-513] HW Target shutdown. Closing target: localhost:3121/xilinx_tcf/Digilent/210512180081
reset_run synth_1
launch_runs impl_1 -to_step write_bitstream -jobs 8
[Thu Jul 30 11:20:49 2020] Launched synth_1...
Run output will be captured here: C:/Users/16331/Documents/GitHub_Projects/A05_v1/RGB_LED_v1/RGB_LED_v1.runs/synth_1/runme.log
[Thu Jul 30 11:20:49 2020] Launched impl_1...
Run output will be captured here: C:/Users/16331/Documents/GitHub_Projects/A05_v1/RGB_LED_v1/RGB_LED_v1.runs/impl_1/runme.log
INFO: [Labtoolstcl 44-466] Opening hw_target localhost:3121/xilinx_tcf/Digilent/210512180081
INFO: [Labtools 27-1435] Device xc7s15 (JTAG device index = 0) is not programmed (DONE status = 0).
WARNING: [Labtoolstcl 44-129] No matching hw_ila_data was found.
set_property PROBES.FILE {} [get_hw_devices xc7s15_0]
set_property FULL_PROBES.FILE {} [get_hw_devices xc7s15_0]
set_property PROGRAM.FILE {C:/Users/16331/Documents/GitHub_Projects/A05_v1/RGB_LED_v1/RGB_LED_v1.runs/impl_1/SystemTop.bit} [get_hw_devices xc7s15_0]
program_hw_devices [get_hw_devices xc7s15_0]
INFO: [Labtools 27-3164] End of startup status: HIGH
refresh_hw_device [lindex [get_hw_devices xc7s15_0] 0]
INFO: [Labtools 27-1434] Device xc7s15 (JTAG device index = 0) is programmed with a design that has no supported debug core(s) in it.
ERROR: [Labtoolstcl 44-513] HW Target shutdown. Closing target: localhost:3121/xilinx_tcf/Digilent/210512180081
reset_run synth_1
launch_runs impl_1 -to_step write_bitstream -jobs 8
[Thu Jul 30 11:26:11 2020] Launched synth_1...
Run output will be captured here: C:/Users/16331/Documents/GitHub_Projects/A05_v1/RGB_LED_v1/RGB_LED_v1.runs/synth_1/runme.log
[Thu Jul 30 11:26:11 2020] Launched impl_1...
Run output will be captured here: C:/Users/16331/Documents/GitHub_Projects/A05_v1/RGB_LED_v1/RGB_LED_v1.runs/impl_1/runme.log
INFO: [Labtoolstcl 44-466] Opening hw_target localhost:3121/xilinx_tcf/Digilent/210512180081
INFO: [Labtools 27-1435] Device xc7s15 (JTAG device index = 0) is not programmed (DONE status = 0).
WARNING: [Labtoolstcl 44-129] No matching hw_ila_data was found.
set_property PROBES.FILE {} [get_hw_devices xc7s15_0]
set_property FULL_PROBES.FILE {} [get_hw_devices xc7s15_0]
set_property PROGRAM.FILE {C:/Users/16331/Documents/GitHub_Projects/A05_v1/RGB_LED_v1/RGB_LED_v1.runs/impl_1/SystemTop.bit} [get_hw_devices xc7s15_0]
program_hw_devices [get_hw_devices xc7s15_0]
ERROR: [Labtools 27-3165] End of startup status: LOW
ERROR: [Common 17-39] 'program_hw_devices' failed due to earlier errors.
set_property PROBES.FILE {} [get_hw_devices xc7s15_0]
set_property FULL_PROBES.FILE {} [get_hw_devices xc7s15_0]
set_property PROGRAM.FILE {C:/Users/16331/Documents/GitHub_Projects/A05_v1/RGB_LED_v1/RGB_LED_v1.runs/impl_1/SystemTop.bit} [get_hw_devices xc7s15_0]
program_hw_devices [get_hw_devices xc7s15_0]
INFO: [Labtools 27-3164] End of startup status: HIGH
refresh_hw_device [lindex [get_hw_devices xc7s15_0] 0]
INFO: [Labtools 27-1434] Device xc7s15 (JTAG device index = 0) is programmed with a design that has no supported debug core(s) in it.
ERROR: [Common 17-180] Spawn failed: No error
reset_run synth_1
launch_runs impl_1 -to_step write_bitstream -jobs 8
[Thu Jul 30 11:31:29 2020] Launched synth_1...
Run output will be captured here: C:/Users/16331/Documents/GitHub_Projects/A05_v1/RGB_LED_v1/RGB_LED_v1.runs/synth_1/runme.log
[Thu Jul 30 11:31:29 2020] Launched impl_1...
Run output will be captured here: C:/Users/16331/Documents/GitHub_Projects/A05_v1/RGB_LED_v1/RGB_LED_v1.runs/impl_1/runme.log
set_property PROBES.FILE {} [get_hw_devices xc7s15_0]
set_property FULL_PROBES.FILE {} [get_hw_devices xc7s15_0]
set_property PROGRAM.FILE {C:/Users/16331/Documents/GitHub_Projects/A05_v1/RGB_LED_v1/RGB_LED_v1.runs/impl_1/SystemTop.bit} [get_hw_devices xc7s15_0]
program_hw_devices [get_hw_devices xc7s15_0]
INFO: [Labtools 27-3164] End of startup status: HIGH
refresh_hw_device [lindex [get_hw_devices xc7s15_0] 0]
INFO: [Labtools 27-1434] Device xc7s15 (JTAG device index = 0) is programmed with a design that has no supported debug core(s) in it.
reset_run synth_1
launch_runs impl_1 -to_step write_bitstream -jobs 8
[Thu Jul 30 11:35:18 2020] Launched synth_1...
Run output will be captured here: C:/Users/16331/Documents/GitHub_Projects/A05_v1/RGB_LED_v1/RGB_LED_v1.runs/synth_1/runme.log
[Thu Jul 30 11:35:18 2020] Launched impl_1...
Run output will be captured here: C:/Users/16331/Documents/GitHub_Projects/A05_v1/RGB_LED_v1/RGB_LED_v1.runs/impl_1/runme.log
set_property PROBES.FILE {} [get_hw_devices xc7s15_0]
set_property FULL_PROBES.FILE {} [get_hw_devices xc7s15_0]
set_property PROGRAM.FILE {C:/Users/16331/Documents/GitHub_Projects/A05_v1/RGB_LED_v1/RGB_LED_v1.runs/impl_1/SystemTop.bit} [get_hw_devices xc7s15_0]
program_hw_devices [get_hw_devices xc7s15_0]
INFO: [Labtools 27-3164] End of startup status: HIGH
refresh_hw_device [lindex [get_hw_devices xc7s15_0] 0]
INFO: [Labtools 27-1434] Device xc7s15 (JTAG device index = 0) is programmed with a design that has no supported debug core(s) in it.
ERROR: [Labtoolstcl 44-513] HW Target shutdown. Closing target: localhost:3121/xilinx_tcf/Digilent/210512180081
reset_run synth_1
launch_runs impl_1 -to_step write_bitstream -jobs 8
[Thu Jul 30 11:44:59 2020] Launched synth_1...
Run output will be captured here: C:/Users/16331/Documents/GitHub_Projects/A05_v1/RGB_LED_v1/RGB_LED_v1.runs/synth_1/runme.log
[Thu Jul 30 11:44:59 2020] Launched impl_1...
Run output will be captured here: C:/Users/16331/Documents/GitHub_Projects/A05_v1/RGB_LED_v1/RGB_LED_v1.runs/impl_1/runme.log
INFO: [Labtoolstcl 44-466] Opening hw_target localhost:3121/xilinx_tcf/Digilent/210512180081
INFO: [Labtools 27-1435] Device xc7s15 (JTAG device index = 0) is not programmed (DONE status = 0).
WARNING: [Labtoolstcl 44-129] No matching hw_ila_data was found.
set_property PROBES.FILE {} [get_hw_devices xc7s15_0]
set_property FULL_PROBES.FILE {} [get_hw_devices xc7s15_0]
set_property PROGRAM.FILE {C:/Users/16331/Documents/GitHub_Projects/A05_v1/RGB_LED_v1/RGB_LED_v1.runs/impl_1/SystemTop.bit} [get_hw_devices xc7s15_0]
program_hw_devices [get_hw_devices xc7s15_0]
INFO: [Labtools 27-3164] End of startup status: HIGH
refresh_hw_device [lindex [get_hw_devices xc7s15_0] 0]
INFO: [Labtools 27-1434] Device xc7s15 (JTAG device index = 0) is programmed with a design that has no supported debug core(s) in it.
ERROR: [Common 17-180] Spawn failed: No error
reset_run synth_1
launch_runs impl_1 -to_step write_bitstream -jobs 8
[Thu Jul 30 12:12:39 2020] Launched synth_1...
Run output will be captured here: C:/Users/16331/Documents/GitHub_Projects/A05_v1/RGB_LED_v1/RGB_LED_v1.runs/synth_1/runme.log
[Thu Jul 30 12:12:39 2020] Launched impl_1...
Run output will be captured here: C:/Users/16331/Documents/GitHub_Projects/A05_v1/RGB_LED_v1/RGB_LED_v1.runs/impl_1/runme.log
set_property PROBES.FILE {} [get_hw_devices xc7s15_0]
set_property FULL_PROBES.FILE {} [get_hw_devices xc7s15_0]
set_property PROGRAM.FILE {C:/Users/16331/Documents/GitHub_Projects/A05_v1/RGB_LED_v1/RGB_LED_v1.runs/impl_1/SystemTop.bit} [get_hw_devices xc7s15_0]
program_hw_devices [get_hw_devices xc7s15_0]
INFO: [Labtools 27-3164] End of startup status: HIGH
refresh_hw_device [lindex [get_hw_devices xc7s15_0] 0]
INFO: [Labtools 27-1434] Device xc7s15 (JTAG device index = 0) is programmed with a design that has no supported debug core(s) in it.
set_property PROBES.FILE {} [get_hw_devices xc7s15_0]
set_property FULL_PROBES.FILE {} [get_hw_devices xc7s15_0]
set_property PROGRAM.FILE {C:/Users/16331/Documents/GitHub_Projects/A05_v1/RGB_LED_v1/RGB_LED_v1.runs/impl_1/SystemTop.bit} [get_hw_devices xc7s15_0]
program_hw_devices [get_hw_devices xc7s15_0]
INFO: [Labtools 27-3164] End of startup status: HIGH
refresh_hw_device [lindex [get_hw_devices xc7s15_0] 0]
INFO: [Labtools 27-1434] Device xc7s15 (JTAG device index = 0) is programmed with a design that has no supported debug core(s) in it.
ERROR: [Labtoolstcl 44-513] HW Target shutdown. Closing target: localhost:3121/xilinx_tcf/Digilent/210512180081
INFO: [Labtoolstcl 44-466] Opening hw_target localhost:3121/xilinx_tcf/Digilent/210512180081
INFO: [Labtools 27-1435] Device xc7s15 (JTAG device index = 0) is not programmed (DONE status = 0).
WARNING: [Labtoolstcl 44-129] No matching hw_ila_data was found.
set_property PROBES.FILE {} [get_hw_devices xc7s15_0]
set_property FULL_PROBES.FILE {} [get_hw_devices xc7s15_0]
set_property PROGRAM.FILE {C:/Users/16331/Documents/GitHub_Projects/A05_v1/RGB_LED_v1/RGB_LED_v1.runs/impl_1/SystemTop.bit} [get_hw_devices xc7s15_0]
program_hw_devices [get_hw_devices xc7s15_0]
INFO: [Labtools 27-3164] End of startup status: HIGH
refresh_hw_device [lindex [get_hw_devices xc7s15_0] 0]
INFO: [Labtools 27-1434] Device xc7s15 (JTAG device index = 0) is programmed with a design that has no supported debug core(s) in it.
reset_run synth_1
launch_runs impl_1 -to_step write_bitstream -jobs 8
[Thu Jul 30 12:18:20 2020] Launched synth_1...
Run output will be captured here: C:/Users/16331/Documents/GitHub_Projects/A05_v1/RGB_LED_v1/RGB_LED_v1.runs/synth_1/runme.log
[Thu Jul 30 12:18:20 2020] Launched impl_1...
Run output will be captured here: C:/Users/16331/Documents/GitHub_Projects/A05_v1/RGB_LED_v1/RGB_LED_v1.runs/impl_1/runme.log
set_property PROBES.FILE {} [get_hw_devices xc7s15_0]
set_property FULL_PROBES.FILE {} [get_hw_devices xc7s15_0]
set_property PROGRAM.FILE {C:/Users/16331/Documents/GitHub_Projects/A05_v1/RGB_LED_v1/RGB_LED_v1.runs/impl_1/SystemTop.bit} [get_hw_devices xc7s15_0]
program_hw_devices [get_hw_devices xc7s15_0]
INFO: [Labtools 27-3164] End of startup status: HIGH
refresh_hw_device [lindex [get_hw_devices xc7s15_0] 0]
INFO: [Labtools 27-1434] Device xc7s15 (JTAG device index = 0) is programmed with a design that has no supported debug core(s) in it.
ERROR: [Labtoolstcl 44-513] HW Target shutdown. Closing target: localhost:3121/xilinx_tcf/Digilent/210512180081
reset_run synth_1
launch_runs impl_1 -to_step write_bitstream -jobs 8
[Thu Jul 30 12:34:08 2020] Launched synth_1...
Run output will be captured here: C:/Users/16331/Documents/GitHub_Projects/A05_v1/RGB_LED_v1/RGB_LED_v1.runs/synth_1/runme.log
[Thu Jul 30 12:34:08 2020] Launched impl_1...
Run output will be captured here: C:/Users/16331/Documents/GitHub_Projects/A05_v1/RGB_LED_v1/RGB_LED_v1.runs/impl_1/runme.log
INFO: [Labtoolstcl 44-466] Opening hw_target localhost:3121/xilinx_tcf/Digilent/210512180081
INFO: [Labtools 27-1435] Device xc7s15 (JTAG device index = 0) is not programmed (DONE status = 0).
WARNING: [Labtoolstcl 44-129] No matching hw_ila_data was found.
set_property PROBES.FILE {} [get_hw_devices xc7s15_0]
set_property FULL_PROBES.FILE {} [get_hw_devices xc7s15_0]
set_property PROGRAM.FILE {C:/Users/16331/Documents/GitHub_Projects/A05_v1/RGB_LED_v1/RGB_LED_v1.runs/impl_1/SystemTop.bit} [get_hw_devices xc7s15_0]
program_hw_devices [get_hw_devices xc7s15_0]
INFO: [Labtools 27-3164] End of startup status: HIGH
refresh_hw_device [lindex [get_hw_devices xc7s15_0] 0]
INFO: [Labtools 27-1434] Device xc7s15 (JTAG device index = 0) is programmed with a design that has no supported debug core(s) in it.
reset_run synth_1
launch_runs impl_1 -to_step write_bitstream -jobs 8
[Thu Jul 30 12:38:45 2020] Launched synth_1...
Run output will be captured here: C:/Users/16331/Documents/GitHub_Projects/A05_v1/RGB_LED_v1/RGB_LED_v1.runs/synth_1/runme.log
[Thu Jul 30 12:38:45 2020] Launched impl_1...
Run output will be captured here: C:/Users/16331/Documents/GitHub_Projects/A05_v1/RGB_LED_v1/RGB_LED_v1.runs/impl_1/runme.log
set_property PROBES.FILE {} [get_hw_devices xc7s15_0]
set_property FULL_PROBES.FILE {} [get_hw_devices xc7s15_0]
set_property PROGRAM.FILE {C:/Users/16331/Documents/GitHub_Projects/A05_v1/RGB_LED_v1/RGB_LED_v1.runs/impl_1/SystemTop.bit} [get_hw_devices xc7s15_0]
program_hw_devices [get_hw_devices xc7s15_0]
INFO: [Labtools 27-3164] End of startup status: HIGH
refresh_hw_device [lindex [get_hw_devices xc7s15_0] 0]
INFO: [Labtools 27-1434] Device xc7s15 (JTAG device index = 0) is programmed with a design that has no supported debug core(s) in it.
ERROR: [Labtoolstcl 44-513] HW Target shutdown. Closing target: localhost:3121/xilinx_tcf/Digilent/210512180081
reset_run synth_1
launch_runs impl_1 -to_step write_bitstream -jobs 8
[Thu Jul 30 12:56:12 2020] Launched synth_1...
Run output will be captured here: C:/Users/16331/Documents/GitHub_Projects/A05_v1/RGB_LED_v1/RGB_LED_v1.runs/synth_1/runme.log
[Thu Jul 30 12:56:12 2020] Launched impl_1...
Run output will be captured here: C:/Users/16331/Documents/GitHub_Projects/A05_v1/RGB_LED_v1/RGB_LED_v1.runs/impl_1/runme.log
INFO: [Labtoolstcl 44-466] Opening hw_target localhost:3121/xilinx_tcf/Digilent/210512180081
INFO: [Labtools 27-1435] Device xc7s15 (JTAG device index = 0) is not programmed (DONE status = 0).
WARNING: [Labtoolstcl 44-129] No matching hw_ila_data was found.
set_property PROBES.FILE {} [get_hw_devices xc7s15_0]
set_property FULL_PROBES.FILE {} [get_hw_devices xc7s15_0]
set_property PROGRAM.FILE {C:/Users/16331/Documents/GitHub_Projects/A05_v1/RGB_LED_v1/RGB_LED_v1.runs/impl_1/SystemTop.bit} [get_hw_devices xc7s15_0]
program_hw_devices [get_hw_devices xc7s15_0]
INFO: [Labtools 27-3164] End of startup status: HIGH
refresh_hw_device [lindex [get_hw_devices xc7s15_0] 0]
INFO: [Labtools 27-1434] Device xc7s15 (JTAG device index = 0) is programmed with a design that has no supported debug core(s) in it.
reset_run synth_1
launch_runs impl_1 -to_step write_bitstream -jobs 8
[Thu Jul 30 13:02:26 2020] Launched synth_1...
Run output will be captured here: C:/Users/16331/Documents/GitHub_Projects/A05_v1/RGB_LED_v1/RGB_LED_v1.runs/synth_1/runme.log
[Thu Jul 30 13:02:26 2020] Launched impl_1...
Run output will be captured here: C:/Users/16331/Documents/GitHub_Projects/A05_v1/RGB_LED_v1/RGB_LED_v1.runs/impl_1/runme.log
set_property PROBES.FILE {} [get_hw_devices xc7s15_0]
set_property FULL_PROBES.FILE {} [get_hw_devices xc7s15_0]
set_property PROGRAM.FILE {C:/Users/16331/Documents/GitHub_Projects/A05_v1/RGB_LED_v1/RGB_LED_v1.runs/impl_1/SystemTop.bit} [get_hw_devices xc7s15_0]
program_hw_devices [get_hw_devices xc7s15_0]
INFO: [Labtools 27-3164] End of startup status: HIGH
refresh_hw_device [lindex [get_hw_devices xc7s15_0] 0]
INFO: [Labtools 27-1434] Device xc7s15 (JTAG device index = 0) is programmed with a design that has no supported debug core(s) in it.
reset_run impl_1 -prev_step 
launch_runs impl_1 -to_step write_bitstream -jobs 8
WARNING: [Vivado 12-872] Run step 'Design Initialization' is out-of-date.
[Thu Jul 30 13:06:28 2020] Launched impl_1...
Run output will be captured here: C:/Users/16331/Documents/GitHub_Projects/A05_v1/RGB_LED_v1/RGB_LED_v1.runs/impl_1/runme.log
set_property PROBES.FILE {} [get_hw_devices xc7s15_0]
set_property FULL_PROBES.FILE {} [get_hw_devices xc7s15_0]
set_property PROGRAM.FILE {C:/Users/16331/Documents/GitHub_Projects/A05_v1/RGB_LED_v1/RGB_LED_v1.runs/impl_1/SystemTop.bit} [get_hw_devices xc7s15_0]
program_hw_devices [get_hw_devices xc7s15_0]
INFO: [Labtools 27-3164] End of startup status: HIGH
refresh_hw_device [lindex [get_hw_devices xc7s15_0] 0]
INFO: [Labtools 27-1434] Device xc7s15 (JTAG device index = 0) is programmed with a design that has no supported debug core(s) in it.
ERROR: [Labtoolstcl 44-513] HW Target shutdown. Closing target: localhost:3121/xilinx_tcf/Digilent/210512180081
reset_run synth_1
launch_runs impl_1 -to_step write_bitstream -jobs 8
[Thu Jul 30 13:22:55 2020] Launched synth_1...
Run output will be captured here: C:/Users/16331/Documents/GitHub_Projects/A05_v1/RGB_LED_v1/RGB_LED_v1.runs/synth_1/runme.log
[Thu Jul 30 13:22:55 2020] Launched impl_1...
Run output will be captured here: C:/Users/16331/Documents/GitHub_Projects/A05_v1/RGB_LED_v1/RGB_LED_v1.runs/impl_1/runme.log
INFO: [Labtoolstcl 44-466] Opening hw_target localhost:3121/xilinx_tcf/Digilent/210512180081
INFO: [Labtools 27-1435] Device xc7s15 (JTAG device index = 0) is not programmed (DONE status = 0).
WARNING: [Labtoolstcl 44-129] No matching hw_ila_data was found.
set_property PROBES.FILE {} [get_hw_devices xc7s15_0]
set_property FULL_PROBES.FILE {} [get_hw_devices xc7s15_0]
set_property PROGRAM.FILE {C:/Users/16331/Documents/GitHub_Projects/A05_v1/RGB_LED_v1/RGB_LED_v1.runs/impl_1/SystemTop.bit} [get_hw_devices xc7s15_0]
program_hw_devices [get_hw_devices xc7s15_0]
INFO: [Labtools 27-3164] End of startup status: HIGH
refresh_hw_device [lindex [get_hw_devices xc7s15_0] 0]
INFO: [Labtools 27-1434] Device xc7s15 (JTAG device index = 0) is programmed with a design that has no supported debug core(s) in it.
reset_run synth_1
launch_runs impl_1 -to_step write_bitstream -jobs 8
[Thu Jul 30 13:28:27 2020] Launched synth_1...
Run output will be captured here: C:/Users/16331/Documents/GitHub_Projects/A05_v1/RGB_LED_v1/RGB_LED_v1.runs/synth_1/runme.log
[Thu Jul 30 13:28:27 2020] Launched impl_1...
Run output will be captured here: C:/Users/16331/Documents/GitHub_Projects/A05_v1/RGB_LED_v1/RGB_LED_v1.runs/impl_1/runme.log
set_property PROBES.FILE {} [get_hw_devices xc7s15_0]
set_property FULL_PROBES.FILE {} [get_hw_devices xc7s15_0]
set_property PROGRAM.FILE {C:/Users/16331/Documents/GitHub_Projects/A05_v1/RGB_LED_v1/RGB_LED_v1.runs/impl_1/SystemTop.bit} [get_hw_devices xc7s15_0]
program_hw_devices [get_hw_devices xc7s15_0]
INFO: [Labtools 27-3164] End of startup status: HIGH
refresh_hw_device [lindex [get_hw_devices xc7s15_0] 0]
INFO: [Labtools 27-1434] Device xc7s15 (JTAG device index = 0) is programmed with a design that has no supported debug core(s) in it.
ERROR: [Labtoolstcl 44-513] HW Target shutdown. Closing target: localhost:3121/xilinx_tcf/Digilent/210512180081
reset_run synth_1
launch_runs impl_1 -to_step write_bitstream -jobs 8
[Thu Jul 30 13:35:43 2020] Launched synth_1...
Run output will be captured here: C:/Users/16331/Documents/GitHub_Projects/A05_v1/RGB_LED_v1/RGB_LED_v1.runs/synth_1/runme.log
[Thu Jul 30 13:35:43 2020] Launched impl_1...
Run output will be captured here: C:/Users/16331/Documents/GitHub_Projects/A05_v1/RGB_LED_v1/RGB_LED_v1.runs/impl_1/runme.log
reset_run synth_1
launch_runs impl_1 -to_step write_bitstream -jobs 8
[Thu Jul 30 13:44:44 2020] Launched synth_1...
Run output will be captured here: C:/Users/16331/Documents/GitHub_Projects/A05_v1/RGB_LED_v1/RGB_LED_v1.runs/synth_1/runme.log
[Thu Jul 30 13:44:44 2020] Launched impl_1...
Run output will be captured here: C:/Users/16331/Documents/GitHub_Projects/A05_v1/RGB_LED_v1/RGB_LED_v1.runs/impl_1/runme.log
INFO: [Labtoolstcl 44-466] Opening hw_target localhost:3121/xilinx_tcf/Digilent/210512180081
INFO: [Labtools 27-1435] Device xc7s15 (JTAG device index = 0) is not programmed (DONE status = 0).
WARNING: [Labtoolstcl 44-129] No matching hw_ila_data was found.
set_property PROBES.FILE {} [get_hw_devices xc7s15_0]
set_property FULL_PROBES.FILE {} [get_hw_devices xc7s15_0]
set_property PROGRAM.FILE {C:/Users/16331/Documents/GitHub_Projects/A05_v1/RGB_LED_v1/RGB_LED_v1.runs/impl_1/SystemTop.bit} [get_hw_devices xc7s15_0]
program_hw_devices [get_hw_devices xc7s15_0]
INFO: [Labtools 27-3164] End of startup status: HIGH
refresh_hw_device [lindex [get_hw_devices xc7s15_0] 0]
INFO: [Labtools 27-1434] Device xc7s15 (JTAG device index = 0) is programmed with a design that has no supported debug core(s) in it.
ERROR: [Labtoolstcl 44-513] HW Target shutdown. Closing target: localhost:3121/xilinx_tcf/Digilent/210512180081
INFO: [Labtoolstcl 44-466] Opening hw_target localhost:3121/xilinx_tcf/Digilent/210512180081
INFO: [Labtools 27-1435] Device xc7s15 (JTAG device index = 0) is not programmed (DONE status = 0).
WARNING: [Labtoolstcl 44-129] No matching hw_ila_data was found.
set_property PROBES.FILE {} [get_hw_devices xc7s15_0]
set_property FULL_PROBES.FILE {} [get_hw_devices xc7s15_0]
set_property PROGRAM.FILE {C:/Users/16331/Documents/GitHub_Projects/A05_v1/Camera_Demo.bit} [get_hw_devices xc7s15_0]
program_hw_devices [get_hw_devices xc7s15_0]
INFO: [Labtools 27-3164] End of startup status: HIGH
refresh_hw_device [lindex [get_hw_devices xc7s15_0] 0]
INFO: [Labtools 27-1434] Device xc7s15 (JTAG device index = 0) is programmed with a design that has no supported debug core(s) in it.
ERROR: [Labtoolstcl 44-513] HW Target shutdown. Closing target: localhost:3121/xilinx_tcf/Digilent/210512180081
INFO: [Labtoolstcl 44-466] Opening hw_target localhost:3121/xilinx_tcf/Digilent/210512180081
INFO: [Labtools 27-1435] Device xc7s15 (JTAG device index = 0) is not programmed (DONE status = 0).
WARNING: [Labtoolstcl 44-129] No matching hw_ila_data was found.
set_property PROBES.FILE {} [get_hw_devices xc7s15_0]
set_property FULL_PROBES.FILE {} [get_hw_devices xc7s15_0]
set_property PROGRAM.FILE {C:/Users/16331/Documents/GitHub_Projects/A05_v1/RGB_LED_v1/RGB_LED_v1.runs/impl_1/SystemTop.bit} [get_hw_devices xc7s15_0]
program_hw_devices [get_hw_devices xc7s15_0]
INFO: [Labtools 27-3164] End of startup status: HIGH
refresh_hw_device [lindex [get_hw_devices xc7s15_0] 0]
INFO: [Labtools 27-1434] Device xc7s15 (JTAG device index = 0) is programmed with a design that has no supported debug core(s) in it.
reset_run synth_1
launch_runs impl_1 -to_step write_bitstream -jobs 8
[Thu Jul 30 15:45:01 2020] Launched synth_1...
Run output will be captured here: C:/Users/16331/Documents/GitHub_Projects/A05_v1/RGB_LED_v1/RGB_LED_v1.runs/synth_1/runme.log
[Thu Jul 30 15:45:01 2020] Launched impl_1...
Run output will be captured here: C:/Users/16331/Documents/GitHub_Projects/A05_v1/RGB_LED_v1/RGB_LED_v1.runs/impl_1/runme.log
exit
INFO: [Common 17-206] Exiting Vivado at Thu Jul 30 15:47:57 2020...
