#-----------------------------------------------------------
# Vivado v2018.3 (64-bit)
# SW Build 2405991 on Thu Dec  6 23:38:27 MST 2018
# IP Build 2404404 on Fri Dec  7 01:43:56 MST 2018
# Start of session at: Thu Jul 30 17:27:10 2020
# Process ID: 41408
# Current directory: C:/Users/16331/Documents/GitHub_Projects/A05_v1/RGB_LED_v1
# Command line: vivado.exe -gui_launcher_event rodinguilauncherevent21308 C:\Users\16331\Documents\GitHub_Projects\A05_v1\RGB_LED_v1\RGB_LED_v1.xpr
# Log file: C:/Users/16331/Documents/GitHub_Projects/A05_v1/RGB_LED_v1/vivado.log
# Journal file: C:/Users/16331/Documents/GitHub_Projects/A05_v1/RGB_LED_v1\vivado.jou
#-----------------------------------------------------------
start_gui
open_project C:/Users/16331/Documents/GitHub_Projects/A05_v1/RGB_LED_v1/RGB_LED_v1.xpr
Scanning sources...
Finished scanning sources
INFO: [IP_Flow 19-234] Refreshing IP repositories
INFO: [IP_Flow 19-1700] Loaded user IP repository 'c:/Users/16331/Documents/GitHub_Projects/A05_v1/RGB_LED_v1/MyIP'.
INFO: [IP_Flow 19-2313] Loaded Vivado IP repository 'D:/Xilinx/Vivado/2018.3/data/ip'.
CRITICAL WARNING: [IP_Flow 19-1663] Duplicate IP found for 'trenz.biz:user:csi_to_axis:1.0'. The one found in IP location 'c:/Users/16331/Documents/GitHub_Projects/A05_v1/RGB_LED_v1/MyIP/Camera-IP/IP/CSI2AXIS_1.0_IP' will take precedence over the same IP in location c:/Users/16331/Documents/GitHub_Projects/A05_v1/RGB_LED_v1/MyIP/CSI2AXIS_1.0_IP
CRITICAL WARNING: [IP_Flow 19-1663] Duplicate IP found for 'trenz.biz:user:csi2_d_phy_rx:1.0'. The one found in IP location 'c:/Users/16331/Documents/GitHub_Projects/A05_v1/RGB_LED_v1/MyIP/Camera-IP/IP/CSI2DPHY_RX_1.0_IP' will take precedence over the same IP in location c:/Users/16331/Documents/GitHub_Projects/A05_v1/RGB_LED_v1/MyIP/CSI2DPHY_RX_1.0_IP
CRITICAL WARNING: [IP_Flow 19-1663] Duplicate IP found for 'digilentinc.com:ip:rgb2dvi:1.2'. The one found in IP location 'c:/Users/16331/Documents/GitHub_Projects/A05_v1/RGB_LED_v1/MyIP/Mini-HDMI-IP/IP/RGB2DVI_IP' will take precedence over the same IP in location c:/Users/16331/Documents/GitHub_Projects/A05_v1/RGB_LED_v1/MyIP/RGB2DVI_IP
open_project: Time (s): cpu = 00:00:15 ; elapsed = 00:00:08 . Memory (MB): peak = 774.766 ; gain = 167.820
update_compile_order -fileset sources_1
reset_run synth_1
launch_runs impl_1 -jobs 8
[Thu Jul 30 17:28:05 2020] Launched synth_1...
Run output will be captured here: C:/Users/16331/Documents/GitHub_Projects/A05_v1/RGB_LED_v1/RGB_LED_v1.runs/synth_1/runme.log
[Thu Jul 30 17:28:05 2020] Launched impl_1...
Run output will be captured here: C:/Users/16331/Documents/GitHub_Projects/A05_v1/RGB_LED_v1/RGB_LED_v1.runs/impl_1/runme.log
launch_runs impl_1 -to_step write_bitstream -jobs 8
[Thu Jul 30 17:29:59 2020] Launched impl_1...
Run output will be captured here: C:/Users/16331/Documents/GitHub_Projects/A05_v1/RGB_LED_v1/RGB_LED_v1.runs/impl_1/runme.log
open_hw
connect_hw_server
INFO: [Labtools 27-2285] Connecting to hw_server url TCP:localhost:3121
open_hw_target
INFO: [Labtoolstcl 44-466] Opening hw_target localhost:3121/xilinx_tcf/Digilent/210512180081
set_property PROGRAM.FILE {C:/Users/16331/Documents/GitHub_Projects/A05_v1/RGB_LED_v1/RGB_LED_v1.runs/impl_1/SystemTop.bit} [get_hw_devices xc7s15_0]
current_hw_device [get_hw_devices xc7s15_0]
refresh_hw_device -update_hw_probes false [lindex [get_hw_devices xc7s15_0] 0]
INFO: [Labtools 27-1434] Device xc7s15 (JTAG device index = 0) is programmed with a design that has no supported debug core(s) in it.
set_property PROBES.FILE {} [get_hw_devices xc7s15_0]
set_property FULL_PROBES.FILE {} [get_hw_devices xc7s15_0]
set_property PROGRAM.FILE {C:/Users/16331/Documents/GitHub_Projects/A05_v1/RGB_LED_v1/RGB_LED_v1.runs/impl_1/SystemTop.bit} [get_hw_devices xc7s15_0]
program_hw_devices [get_hw_devices xc7s15_0]
INFO: [Labtools 27-3164] End of startup status: HIGH
refresh_hw_device [lindex [get_hw_devices xc7s15_0] 0]
INFO: [Labtools 27-1434] Device xc7s15 (JTAG device index = 0) is programmed with a design that has no supported debug core(s) in it.
ERROR: [Labtoolstcl 44-513] HW Target shutdown. Closing target: localhost:3121/xilinx_tcf/Digilent/210512180081
reset_run synth_1
launch_runs impl_1 -to_step write_bitstream -jobs 8
[Thu Jul 30 17:45:43 2020] Launched synth_1...
Run output will be captured here: C:/Users/16331/Documents/GitHub_Projects/A05_v1/RGB_LED_v1/RGB_LED_v1.runs/synth_1/runme.log
[Thu Jul 30 17:45:43 2020] Launched impl_1...
Run output will be captured here: C:/Users/16331/Documents/GitHub_Projects/A05_v1/RGB_LED_v1/RGB_LED_v1.runs/impl_1/runme.log
INFO: [Labtoolstcl 44-466] Opening hw_target localhost:3121/xilinx_tcf/Digilent/210512180081
INFO: [Labtools 27-1435] Device xc7s15 (JTAG device index = 0) is not programmed (DONE status = 0).
WARNING: [Labtoolstcl 44-129] No matching hw_ila_data was found.
set_property PROBES.FILE {} [get_hw_devices xc7s15_0]
set_property FULL_PROBES.FILE {} [get_hw_devices xc7s15_0]
set_property PROGRAM.FILE {C:/Users/16331/Documents/GitHub_Projects/A05_v1/RGB_LED_v1/RGB_LED_v1.runs/impl_1/SystemTop.bit} [get_hw_devices xc7s15_0]
program_hw_devices [get_hw_devices xc7s15_0]
INFO: [Labtools 27-3164] End of startup status: HIGH
refresh_hw_device [lindex [get_hw_devices xc7s15_0] 0]
INFO: [Labtools 27-1434] Device xc7s15 (JTAG device index = 0) is programmed with a design that has no supported debug core(s) in it.
reset_run synth_1
launch_runs impl_1 -to_step write_bitstream -jobs 8
[Thu Jul 30 17:51:52 2020] Launched synth_1...
Run output will be captured here: C:/Users/16331/Documents/GitHub_Projects/A05_v1/RGB_LED_v1/RGB_LED_v1.runs/synth_1/runme.log
[Thu Jul 30 17:51:52 2020] Launched impl_1...
Run output will be captured here: C:/Users/16331/Documents/GitHub_Projects/A05_v1/RGB_LED_v1/RGB_LED_v1.runs/impl_1/runme.log
set_property PROBES.FILE {} [get_hw_devices xc7s15_0]
set_property FULL_PROBES.FILE {} [get_hw_devices xc7s15_0]
set_property PROGRAM.FILE {C:/Users/16331/Documents/GitHub_Projects/A05_v1/RGB_LED_v1/RGB_LED_v1.runs/impl_1/SystemTop.bit} [get_hw_devices xc7s15_0]
program_hw_devices [get_hw_devices xc7s15_0]
INFO: [Labtools 27-3164] End of startup status: HIGH
refresh_hw_device [lindex [get_hw_devices xc7s15_0] 0]
INFO: [Labtools 27-1434] Device xc7s15 (JTAG device index = 0) is programmed with a design that has no supported debug core(s) in it.
close [ open C:/Users/16331/Documents/GitHub_Projects/A05_v1/RGB_LED_v1/RGB_LED_v1.srcs/sources_1/new/Color_Rec_RGB.v w ]
add_files C:/Users/16331/Documents/GitHub_Projects/A05_v1/RGB_LED_v1/RGB_LED_v1.srcs/sources_1/new/Color_Rec_RGB.v
update_compile_order -fileset sources_1
ERROR: [Common 17-180] Spawn failed: No error
ERROR: [Labtoolstcl 44-513] HW Target shutdown. Closing target: localhost:3121/xilinx_tcf/Digilent/210512180081
update_compile_order -fileset sources_1
update_compile_order -fileset sim_1
update_compile_order -fileset sources_1
update_compile_order -fileset sources_1
update_compile_order -fileset sim_1
reset_run synth_1
launch_runs impl_1 -to_step write_bitstream -jobs 8
[Thu Jul 30 18:10:40 2020] Launched synth_1...
Run output will be captured here: C:/Users/16331/Documents/GitHub_Projects/A05_v1/RGB_LED_v1/RGB_LED_v1.runs/synth_1/runme.log
[Thu Jul 30 18:10:40 2020] Launched impl_1...
Run output will be captured here: C:/Users/16331/Documents/GitHub_Projects/A05_v1/RGB_LED_v1/RGB_LED_v1.runs/impl_1/runme.log
INFO: [Labtoolstcl 44-466] Opening hw_target localhost:3121/xilinx_tcf/Digilent/210512180081
INFO: [Labtools 27-1435] Device xc7s15 (JTAG device index = 0) is not programmed (DONE status = 0).
WARNING: [Labtoolstcl 44-129] No matching hw_ila_data was found.
set_property PROBES.FILE {} [get_hw_devices xc7s15_0]
set_property FULL_PROBES.FILE {} [get_hw_devices xc7s15_0]
set_property PROGRAM.FILE {C:/Users/16331/Documents/GitHub_Projects/A05_v1/RGB_LED_v1/RGB_LED_v1.runs/impl_1/SystemTop.bit} [get_hw_devices xc7s15_0]
program_hw_devices [get_hw_devices xc7s15_0]
INFO: [Labtools 27-3164] End of startup status: HIGH
refresh_hw_device [lindex [get_hw_devices xc7s15_0] 0]
INFO: [Labtools 27-1434] Device xc7s15 (JTAG device index = 0) is programmed with a design that has no supported debug core(s) in it.
reset_run impl_1 -prev_step 
launch_runs impl_1 -to_step write_bitstream -jobs 8
WARNING: [Vivado 12-872] Run step 'Design Initialization' is out-of-date.
[Thu Jul 30 18:24:23 2020] Launched impl_1...
Run output will be captured here: C:/Users/16331/Documents/GitHub_Projects/A05_v1/RGB_LED_v1/RGB_LED_v1.runs/impl_1/runme.log
set_property PROBES.FILE {} [get_hw_devices xc7s15_0]
set_property FULL_PROBES.FILE {} [get_hw_devices xc7s15_0]
set_property PROGRAM.FILE {C:/Users/16331/Documents/GitHub_Projects/A05_v1/RGB_LED_v1/RGB_LED_v1.runs/impl_1/SystemTop.bit} [get_hw_devices xc7s15_0]
program_hw_devices [get_hw_devices xc7s15_0]
INFO: [Labtools 27-3164] End of startup status: HIGH
refresh_hw_device [lindex [get_hw_devices xc7s15_0] 0]
INFO: [Labtools 27-1434] Device xc7s15 (JTAG device index = 0) is programmed with a design that has no supported debug core(s) in it.
reset_run synth_1
launch_runs impl_1 -to_step write_bitstream -jobs 8
[Thu Jul 30 18:28:23 2020] Launched synth_1...
Run output will be captured here: C:/Users/16331/Documents/GitHub_Projects/A05_v1/RGB_LED_v1/RGB_LED_v1.runs/synth_1/runme.log
[Thu Jul 30 18:28:23 2020] Launched impl_1...
Run output will be captured here: C:/Users/16331/Documents/GitHub_Projects/A05_v1/RGB_LED_v1/RGB_LED_v1.runs/impl_1/runme.log
set_property PROBES.FILE {} [get_hw_devices xc7s15_0]
set_property FULL_PROBES.FILE {} [get_hw_devices xc7s15_0]
set_property PROGRAM.FILE {C:/Users/16331/Documents/GitHub_Projects/A05_v1/RGB_LED_v1/RGB_LED_v1.runs/impl_1/SystemTop.bit} [get_hw_devices xc7s15_0]
program_hw_devices [get_hw_devices xc7s15_0]
INFO: [Labtools 27-3164] End of startup status: HIGH
refresh_hw_device [lindex [get_hw_devices xc7s15_0] 0]
INFO: [Labtools 27-1434] Device xc7s15 (JTAG device index = 0) is programmed with a design that has no supported debug core(s) in it.
ERROR: [Common 17-180] Spawn failed: No error
reset_run synth_1
launch_runs impl_1 -to_step write_bitstream -jobs 8
[Thu Jul 30 18:40:27 2020] Launched synth_1...
Run output will be captured here: C:/Users/16331/Documents/GitHub_Projects/A05_v1/RGB_LED_v1/RGB_LED_v1.runs/synth_1/runme.log
[Thu Jul 30 18:40:27 2020] Launched impl_1...
Run output will be captured here: C:/Users/16331/Documents/GitHub_Projects/A05_v1/RGB_LED_v1/RGB_LED_v1.runs/impl_1/runme.log
set_property PROBES.FILE {} [get_hw_devices xc7s15_0]
set_property FULL_PROBES.FILE {} [get_hw_devices xc7s15_0]
set_property PROGRAM.FILE {C:/Users/16331/Documents/GitHub_Projects/A05_v1/RGB_LED_v1/RGB_LED_v1.runs/impl_1/SystemTop.bit} [get_hw_devices xc7s15_0]
program_hw_devices [get_hw_devices xc7s15_0]
INFO: [Labtools 27-3164] End of startup status: HIGH
refresh_hw_device [lindex [get_hw_devices xc7s15_0] 0]
INFO: [Labtools 27-1434] Device xc7s15 (JTAG device index = 0) is programmed with a design that has no supported debug core(s) in it.
ERROR: [Labtoolstcl 44-513] HW Target shutdown. Closing target: localhost:3121/xilinx_tcf/Digilent/210512180081
update_compile_order -fileset sources_1
update_compile_order -fileset sources_1
reset_run synth_1
launch_runs impl_1 -to_step write_bitstream -jobs 8
[Thu Jul 30 18:53:53 2020] Launched synth_1...
Run output will be captured here: C:/Users/16331/Documents/GitHub_Projects/A05_v1/RGB_LED_v1/RGB_LED_v1.runs/synth_1/runme.log
[Thu Jul 30 18:53:54 2020] Launched impl_1...
Run output will be captured here: C:/Users/16331/Documents/GitHub_Projects/A05_v1/RGB_LED_v1/RGB_LED_v1.runs/impl_1/runme.log
INFO: [Labtoolstcl 44-466] Opening hw_target localhost:3121/xilinx_tcf/Digilent/210512180081
INFO: [Labtools 27-1435] Device xc7s15 (JTAG device index = 0) is not programmed (DONE status = 0).
WARNING: [Labtoolstcl 44-129] No matching hw_ila_data was found.
set_property PROBES.FILE {} [get_hw_devices xc7s15_0]
set_property FULL_PROBES.FILE {} [get_hw_devices xc7s15_0]
set_property PROGRAM.FILE {C:/Users/16331/Documents/GitHub_Projects/A05_v1/RGB_LED_v1/RGB_LED_v1.runs/impl_1/SystemTop.bit} [get_hw_devices xc7s15_0]
program_hw_devices [get_hw_devices xc7s15_0]
INFO: [Labtools 27-3164] End of startup status: HIGH
refresh_hw_device [lindex [get_hw_devices xc7s15_0] 0]
INFO: [Labtools 27-1434] Device xc7s15 (JTAG device index = 0) is programmed with a design that has no supported debug core(s) in it.
ERROR: [Labtoolstcl 44-513] HW Target shutdown. Closing target: localhost:3121/xilinx_tcf/Digilent/210512180081
INFO: [Labtoolstcl 44-466] Opening hw_target localhost:3121/xilinx_tcf/Digilent/210512180081
INFO: [Labtools 27-1435] Device xc7s15 (JTAG device index = 0) is not programmed (DONE status = 0).
WARNING: [Labtoolstcl 44-129] No matching hw_ila_data was found.
set_property PROBES.FILE {} [get_hw_devices xc7s15_0]
set_property FULL_PROBES.FILE {} [get_hw_devices xc7s15_0]
set_property PROGRAM.FILE {C:/Users/16331/Documents/GitHub_Projects/Camera_Demo.bit} [get_hw_devices xc7s15_0]
program_hw_devices [get_hw_devices xc7s15_0]
INFO: [Labtools 27-3164] End of startup status: HIGH
refresh_hw_device [lindex [get_hw_devices xc7s15_0] 0]
INFO: [Labtools 27-1434] Device xc7s15 (JTAG device index = 0) is programmed with a design that has no supported debug core(s) in it.
set_property PROBES.FILE {} [get_hw_devices xc7s15_0]
set_property FULL_PROBES.FILE {} [get_hw_devices xc7s15_0]
set_property PROGRAM.FILE {C:/Users/16331/Documents/GitHub_Projects/A05_v1/RGB_LED_v1/RGB_LED_v1.runs/impl_1/SystemTop.bit} [get_hw_devices xc7s15_0]
program_hw_devices [get_hw_devices xc7s15_0]
INFO: [Labtools 27-3164] End of startup status: HIGH
refresh_hw_device [lindex [get_hw_devices xc7s15_0] 0]
INFO: [Labtools 27-1434] Device xc7s15 (JTAG device index = 0) is programmed with a design that has no supported debug core(s) in it.
set_property PROBES.FILE {} [get_hw_devices xc7s15_0]
set_property FULL_PROBES.FILE {} [get_hw_devices xc7s15_0]
set_property PROGRAM.FILE {C:/Users/16331/Documents/GitHub_Projects/A05_v1/RGB_LED_v1/RGB_LED_v1.runs/impl_1/SystemTop.bit} [get_hw_devices xc7s15_0]
program_hw_devices [get_hw_devices xc7s15_0]
INFO: [Labtools 27-3164] End of startup status: HIGH
refresh_hw_device [lindex [get_hw_devices xc7s15_0] 0]
ERROR: [Labtools 27-2312] Device xc7s15_0 is no longer available.
Check cable connectivity and that the target board is powered up then
use the disconnect_hw_server and connect_hw_server to re-initialize the hardware target.
Use open_hw_target to re-register the hardware device.
ERROR: [Labtoolstcl 44-513] HW Target shutdown. Closing target: localhost:3121/xilinx_tcf/Digilent/210512180081
INFO: [Labtoolstcl 44-466] Opening hw_target localhost:3121/xilinx_tcf/Digilent/210512180081
INFO: [Labtools 27-1435] Device xc7s15 (JTAG device index = 0) is not programmed (DONE status = 0).
WARNING: [Labtoolstcl 44-129] No matching hw_ila_data was found.
ERROR: [Labtoolstcl 44-513] HW Target shutdown. Closing target: localhost:3121/xilinx_tcf/Digilent/210512180081
INFO: [Labtoolstcl 44-466] Opening hw_target localhost:3121/xilinx_tcf/Digilent/210512180081
INFO: [Labtools 27-1435] Device xc7s15 (JTAG device index = 0) is not programmed (DONE status = 0).
WARNING: [Labtoolstcl 44-129] No matching hw_ila_data was found.
set_property PROBES.FILE {} [get_hw_devices xc7s15_0]
set_property FULL_PROBES.FILE {} [get_hw_devices xc7s15_0]
set_property PROGRAM.FILE {C:/Users/16331/Documents/GitHub_Projects/A05_v1/RGB_LED_v1/RGB_LED_v1.runs/impl_1/SystemTop.bit} [get_hw_devices xc7s15_0]
program_hw_devices [get_hw_devices xc7s15_0]
INFO: [Labtools 27-3164] End of startup status: HIGH
refresh_hw_device [lindex [get_hw_devices xc7s15_0] 0]
INFO: [Labtools 27-1434] Device xc7s15 (JTAG device index = 0) is programmed with a design that has no supported debug core(s) in it.
set_property PROBES.FILE {} [get_hw_devices xc7s15_0]
set_property FULL_PROBES.FILE {} [get_hw_devices xc7s15_0]
set_property PROGRAM.FILE {C:/Users/16331/Documents/GitHub_Projects/A05_v1/RGB_LED_v1/RGB_LED_v1.runs/impl_1/SystemTop.bit} [get_hw_devices xc7s15_0]
program_hw_devices [get_hw_devices xc7s15_0]
INFO: [Labtools 27-3164] End of startup status: HIGH
refresh_hw_device [lindex [get_hw_devices xc7s15_0] 0]
INFO: [Labtools 27-1434] Device xc7s15 (JTAG device index = 0) is programmed with a design that has no supported debug core(s) in it.
ERROR: [Labtoolstcl 44-513] HW Target shutdown. Closing target: localhost:3121/xilinx_tcf/Digilent/210512180081
INFO: [Labtoolstcl 44-466] Opening hw_target localhost:3121/xilinx_tcf/Digilent/210512180081
INFO: [Labtools 27-1435] Device xc7s15 (JTAG device index = 0) is not programmed (DONE status = 0).
WARNING: [Labtoolstcl 44-129] No matching hw_ila_data was found.
set_property PROBES.FILE {} [get_hw_devices xc7s15_0]
set_property FULL_PROBES.FILE {} [get_hw_devices xc7s15_0]
set_property PROGRAM.FILE {C:/Users/16331/Documents/GitHub_Projects/A05_v1/RGB_LED_v1/RGB_LED_v1.runs/impl_1/SystemTop.bit} [get_hw_devices xc7s15_0]
program_hw_devices [get_hw_devices xc7s15_0]
INFO: [Labtools 27-3164] End of startup status: HIGH
refresh_hw_device [lindex [get_hw_devices xc7s15_0] 0]
INFO: [Labtools 27-1434] Device xc7s15 (JTAG device index = 0) is programmed with a design that has no supported debug core(s) in it.
set_property PROBES.FILE {} [get_hw_devices xc7s15_0]
set_property FULL_PROBES.FILE {} [get_hw_devices xc7s15_0]
set_property PROGRAM.FILE {C:/Users/16331/Documents/GitHub_Projects/Camera_Demo.bit} [get_hw_devices xc7s15_0]
program_hw_devices [get_hw_devices xc7s15_0]
INFO: [Labtools 27-3164] End of startup status: HIGH
refresh_hw_device [lindex [get_hw_devices xc7s15_0] 0]
INFO: [Labtools 27-1434] Device xc7s15 (JTAG device index = 0) is programmed with a design that has no supported debug core(s) in it.
ERROR: [Labtoolstcl 44-513] HW Target shutdown. Closing target: localhost:3121/xilinx_tcf/Digilent/210512180081
reset_run synth_1
launch_runs impl_1 -to_step write_bitstream -jobs 8
[Thu Jul 30 19:56:10 2020] Launched synth_1...
Run output will be captured here: C:/Users/16331/Documents/GitHub_Projects/A05_v1/RGB_LED_v1/RGB_LED_v1.runs/synth_1/runme.log
[Thu Jul 30 19:56:10 2020] Launched impl_1...
Run output will be captured here: C:/Users/16331/Documents/GitHub_Projects/A05_v1/RGB_LED_v1/RGB_LED_v1.runs/impl_1/runme.log
INFO: [Labtoolstcl 44-466] Opening hw_target localhost:3121/xilinx_tcf/Digilent/210512180081
INFO: [Labtools 27-1435] Device xc7s15 (JTAG device index = 0) is not programmed (DONE status = 0).
WARNING: [Labtoolstcl 44-129] No matching hw_ila_data was found.
set_property PROBES.FILE {} [get_hw_devices xc7s15_0]
set_property FULL_PROBES.FILE {} [get_hw_devices xc7s15_0]
set_property PROGRAM.FILE {C:/Users/16331/Documents/GitHub_Projects/A05_v1/RGB_LED_v1/RGB_LED_v1.runs/impl_1/SystemTop.bit} [get_hw_devices xc7s15_0]
program_hw_devices [get_hw_devices xc7s15_0]
INFO: [Labtools 27-3164] End of startup status: HIGH
refresh_hw_device [lindex [get_hw_devices xc7s15_0] 0]
INFO: [Labtools 27-1434] Device xc7s15 (JTAG device index = 0) is programmed with a design that has no supported debug core(s) in it.
set_property PROBES.FILE {} [get_hw_devices xc7s15_0]
set_property FULL_PROBES.FILE {} [get_hw_devices xc7s15_0]
set_property PROGRAM.FILE {C:/Users/16331/Documents/GitHub_Projects/A05_v1/RGB_LED_v1/RGB_LED_v1.runs/impl_1/SystemTop.bit} [get_hw_devices xc7s15_0]
program_hw_devices [get_hw_devices xc7s15_0]
INFO: [Labtools 27-3164] End of startup status: HIGH
refresh_hw_device [lindex [get_hw_devices xc7s15_0] 0]
INFO: [Labtools 27-1434] Device xc7s15 (JTAG device index = 0) is programmed with a design that has no supported debug core(s) in it.
set_property PROBES.FILE {} [get_hw_devices xc7s15_0]
set_property FULL_PROBES.FILE {} [get_hw_devices xc7s15_0]
set_property PROGRAM.FILE {C:/Users/16331/Documents/GitHub_Projects/A05_v1/RGB_LED_v1/RGB_LED_v1.runs/impl_1/SystemTop.bit} [get_hw_devices xc7s15_0]
program_hw_devices [get_hw_devices xc7s15_0]
INFO: [Labtools 27-3164] End of startup status: HIGH
refresh_hw_device [lindex [get_hw_devices xc7s15_0] 0]
INFO: [Labtools 27-1434] Device xc7s15 (JTAG device index = 0) is programmed with a design that has no supported debug core(s) in it.
reset_run synth_1
launch_runs impl_1 -to_step write_bitstream -jobs 8
[Thu Jul 30 20:01:23 2020] Launched synth_1...
Run output will be captured here: C:/Users/16331/Documents/GitHub_Projects/A05_v1/RGB_LED_v1/RGB_LED_v1.runs/synth_1/runme.log
[Thu Jul 30 20:01:23 2020] Launched impl_1...
Run output will be captured here: C:/Users/16331/Documents/GitHub_Projects/A05_v1/RGB_LED_v1/RGB_LED_v1.runs/impl_1/runme.log
reset_run synth_1
launch_runs impl_1 -to_step write_bitstream -jobs 8
[Thu Jul 30 20:05:16 2020] Launched synth_1...
Run output will be captured here: C:/Users/16331/Documents/GitHub_Projects/A05_v1/RGB_LED_v1/RGB_LED_v1.runs/synth_1/runme.log
[Thu Jul 30 20:05:16 2020] Launched impl_1...
Run output will be captured here: C:/Users/16331/Documents/GitHub_Projects/A05_v1/RGB_LED_v1/RGB_LED_v1.runs/impl_1/runme.log
set_property PROBES.FILE {} [get_hw_devices xc7s15_0]
set_property FULL_PROBES.FILE {} [get_hw_devices xc7s15_0]
set_property PROGRAM.FILE {C:/Users/16331/Documents/GitHub_Projects/A05_v1/RGB_LED_v1/RGB_LED_v1.runs/impl_1/SystemTop.bit} [get_hw_devices xc7s15_0]
program_hw_devices [get_hw_devices xc7s15_0]
INFO: [Labtools 27-3164] End of startup status: HIGH
refresh_hw_device [lindex [get_hw_devices xc7s15_0] 0]
INFO: [Labtools 27-1434] Device xc7s15 (JTAG device index = 0) is programmed with a design that has no supported debug core(s) in it.
set_property PROBES.FILE {} [get_hw_devices xc7s15_0]
set_property FULL_PROBES.FILE {} [get_hw_devices xc7s15_0]
set_property PROGRAM.FILE {C:/Users/16331/Documents/GitHub_Projects/A05_v1/RGB_LED_v1/RGB_LED_v1.runs/impl_1/SystemTop.bit} [get_hw_devices xc7s15_0]
program_hw_devices [get_hw_devices xc7s15_0]
INFO: [Labtools 27-3164] End of startup status: HIGH
refresh_hw_device [lindex [get_hw_devices xc7s15_0] 0]
INFO: [Labtools 27-1434] Device xc7s15 (JTAG device index = 0) is programmed with a design that has no supported debug core(s) in it.
ERROR: [Labtoolstcl 44-513] HW Target shutdown. Closing target: localhost:3121/xilinx_tcf/Digilent/210512180081
reset_run synth_1
launch_runs impl_1 -to_step write_bitstream -jobs 8
[Thu Jul 30 20:16:57 2020] Launched synth_1...
Run output will be captured here: C:/Users/16331/Documents/GitHub_Projects/A05_v1/RGB_LED_v1/RGB_LED_v1.runs/synth_1/runme.log
[Thu Jul 30 20:16:57 2020] Launched impl_1...
Run output will be captured here: C:/Users/16331/Documents/GitHub_Projects/A05_v1/RGB_LED_v1/RGB_LED_v1.runs/impl_1/runme.log
INFO: [Labtoolstcl 44-466] Opening hw_target localhost:3121/xilinx_tcf/Digilent/210512180081
INFO: [Labtools 27-1435] Device xc7s15 (JTAG device index = 0) is not programmed (DONE status = 0).
WARNING: [Labtoolstcl 44-129] No matching hw_ila_data was found.
set_property PROBES.FILE {} [get_hw_devices xc7s15_0]
set_property FULL_PROBES.FILE {} [get_hw_devices xc7s15_0]
set_property PROGRAM.FILE {C:/Users/16331/Documents/GitHub_Projects/A05_v1/RGB_LED_v1/RGB_LED_v1.runs/impl_1/SystemTop.bit} [get_hw_devices xc7s15_0]
program_hw_devices [get_hw_devices xc7s15_0]
INFO: [Labtools 27-3164] End of startup status: HIGH
refresh_hw_device [lindex [get_hw_devices xc7s15_0] 0]
INFO: [Labtools 27-1434] Device xc7s15 (JTAG device index = 0) is programmed with a design that has no supported debug core(s) in it.
reset_run synth_1
launch_runs impl_1 -to_step write_bitstream -jobs 8
CRITICAL WARNING: [filemgmt 20-730] Could not find a top module in the fileset sources_1.
Resolution: With the gui up, review the source files in the Sources window. Use Add Sources to add any needed sources. If the files are disabled, enable them. You can also select the file and choose Set Used In from the pop-up menu. Review if they are being used at the proper points of the flow.
[Thu Jul 30 20:22:41 2020] Launched synth_1...
Run output will be captured here: C:/Users/16331/Documents/GitHub_Projects/A05_v1/RGB_LED_v1/RGB_LED_v1.runs/synth_1/runme.log
[Thu Jul 30 20:22:41 2020] Launched impl_1...
Run output will be captured here: C:/Users/16331/Documents/GitHub_Projects/A05_v1/RGB_LED_v1/RGB_LED_v1.runs/impl_1/runme.log
update_compile_order -fileset sources_1
reset_run synth_1
exit
INFO: [Common 17-206] Exiting Vivado at Thu Jul 30 20:23:05 2020...
