Copyright 1986-2018 Xilinx, Inc. All Rights Reserved.
--------------------------------------------------------------------------------------
| Tool Version : Vivado v.2018.3 (win64) Build 2405991 Thu Dec  6 23:38:27 MST 2018
| Date         : Fri Jul 31 22:27:21 2020
| Host         : DESKTOP-628HQFE running 64-bit major release  (build 9200)
| Command      : report_control_sets -verbose -file SystemTop_control_sets_placed.rpt
| Design       : SystemTop
| Device       : xc7s15
--------------------------------------------------------------------------------------

Control Set Information

Table of Contents
-----------------
1. Summary
2. Histogram
3. Flip-Flop Distribution
4. Detailed Control Set Information

1. Summary
----------

+----------------------------------------------------------+-------+
|                          Status                          | Count |
+----------------------------------------------------------+-------+
| Number of unique control sets                            |    49 |
| Unused register locations in slices containing registers |   171 |
+----------------------------------------------------------+-------+


2. Histogram
------------

+--------+--------------+
| Fanout | Control Sets |
+--------+--------------+
|      1 |            6 |
|      2 |            3 |
|      3 |            1 |
|      4 |            2 |
|      5 |            4 |
|      7 |            1 |
|      8 |            4 |
|      9 |            1 |
|     10 |            4 |
|     11 |            3 |
|     13 |            2 |
|    16+ |           18 |
+--------+--------------+


3. Flip-Flop Distribution
-------------------------

+--------------+-----------------------+------------------------+-----------------+--------------+
| Clock Enable | Synchronous Set/Reset | Asynchronous Set/Reset | Total Registers | Total Slices |
+--------------+-----------------------+------------------------+-----------------+--------------+
| No           | No                    | No                     |             471 |          158 |
| No           | No                    | Yes                    |             161 |           48 |
| No           | Yes                   | No                     |             235 |           73 |
| Yes          | No                    | No                     |             144 |           45 |
| Yes          | No                    | Yes                    |              51 |           14 |
| Yes          | Yes                   | No                     |             111 |           31 |
+--------------+-----------------------+------------------------+-----------------+--------------+


4. Detailed Control Set Information
-----------------------------------

+-------------------------------------------------------------+------------------------------------------------------------------------------+----------------------------------------------------------------------------------------+------------------+----------------+
|                         Clock Signal                        |                                 Enable Signal                                |                                    Set/Reset Signal                                    | Slice Load Count | Bel Load Count |
+-------------------------------------------------------------+------------------------------------------------------------------------------+----------------------------------------------------------------------------------------+------------------+----------------+
|  MIPI_Trans_Driver/Driver_Bayer_To_RGB0/set_x_o_reg[4]_0[0] |                                                                              | MIPI_Trans_Driver/Driver_Bayer_To_RGB0/AR[0]                                           |                1 |              1 |
|  color_judge_HSV/p_cnt_reg[0]/G0                            |                                                                              |                                                                                        |                1 |              1 |
|  MIPI_Trans_Driver/Data_Read/U0/clock_system_inst/pclk      |                                                                              |                                                                                        |                1 |              1 |
|  clk_out_100_200/inst/clk_out1                              | MIPI_Camera_IIC/iic_sda_o_i_1_n_1                                            | MIPI_Camera_Driver/OV5647/i_rst                                                        |                1 |              1 |
|  clk_out_100_200/inst/clk_out1                              |                                                                              |                                                                                        |                1 |              1 |
|  clk_out_100_200/inst/clk_out3                              | RGB_Light0/RGB_LED_Task0/Driver_SK6805_0/LED_IO_i_1_n_1                      | MIPI_Camera_Driver/OV5647/i_rst                                                        |                1 |              1 |
|  clk_out_100_200/inst/clk_out3                              |                                                                              | MIPI_Camera_Driver/OV5647/i_rst                                                        |                2 |              2 |
|  MIPI_Trans_Driver/camera_clock/inst/clk_out1               |                                                                              | Mini_HDMI_Driver/U0/ClockGenInternal.ClockGenX/LockLostReset/aRst_int_0                |                1 |              2 |
|  MIPI_Trans_Driver/camera_clock/inst/clk_out1               |                                                                              | Mini_HDMI_Driver/U0/ClockGenInternal.ClockGenX/in0                                     |                1 |              2 |
|  MIPI_Trans_Driver/Driver_Bayer_To_RGB0/set_x_o_reg[4]_0[0] |                                                                              | color_judge_HSV/color_num_reg[2]_i_3_n_1                                               |                1 |              3 |
|  MIPI_Trans_Driver/camera_clock/inst/clk_out1               |                                                                              | Mini_HDMI_Driver/U0/ClockGenInternal.ClockGenX/LockLostReset/SyncAsyncx/oSyncStages[1] |                1 |              4 |
|  MIPI_Trans_Driver/camera_clock/inst/clk_out1               | MIPI_Trans_Driver/Driver_Csi_To_Dvp0/vid_active_video_o0                     | MIPI_Trans_Driver/Driver_Csi_To_Dvp0/unpack_cnt                                        |                1 |              4 |
|  clk_out_100_200/inst/clk_out2                              | MIPI_Trans_Driver/Data_Read/U0/clock_system_inst/sum_dly                     |                                                                                        |                2 |              5 |
|  clk_out_100_200/inst/clk_out2                              | MIPI_Trans_Driver/Data_Read/U0/clock_system_inst/start_dly_1                 |                                                                                        |                1 |              5 |
|  clk_out_100_200/inst/clk_out2                              | MIPI_Trans_Driver/Data_Read/U0/clock_system_inst/end_dly_0                   |                                                                                        |                1 |              5 |
|  clk_out_100_200/inst/clk_out2                              | MIPI_Trans_Driver/Data_Read/U0/clock_system_inst/curr_delay                  |                                                                                        |                1 |              5 |
|  clk_out_100_200/inst/clk_out1                              | MIPI_Camera_Driver/initial_cnt[6]_i_1_n_1                                    | MIPI_Camera_Driver/OV5647/i_rst                                                        |                2 |              7 |
|  MIPI_Trans_Driver/Data_Read/U0/clock_system_inst/CLK       | MIPI_Trans_Driver/Data_To_Csi/U0/lane_align_inst/to_cnt[1]_1                 | MIPI_Trans_Driver/Data_To_Csi/U0/lane_align_inst/p_5_out[1]                            |                2 |              8 |
|  MIPI_Trans_Driver/Data_Read/U0/clock_system_inst/CLK       | MIPI_Trans_Driver/Data_To_Csi/U0/parser_inst/packet_size[15]                 |                                                                                        |                2 |              8 |
|  MIPI_Trans_Driver/Data_Read/U0/clock_system_inst/CLK       | MIPI_Trans_Driver/Data_To_Csi/U0/lane_align_inst/to_cnt[0]_2                 | MIPI_Trans_Driver/Data_To_Csi/U0/lane_align_inst/p_5_out[0]                            |                2 |              8 |
|  MIPI_Trans_Driver/Data_Read/U0/clock_system_inst/CLK       | MIPI_Trans_Driver/Data_To_Csi/U0/lane_align_inst/data_shift[1]_0             |                                                                                        |                4 |              8 |
|  clk_out_100_200/inst/clk_out3                              | RGB_Light0/RGB_LED_Task0/Driver_SK6805_0/Data_Cnt[8]_i_1_n_1                 | MIPI_Camera_Driver/OV5647/i_rst                                                        |                3 |              9 |
|  clk_out_100_200/inst/clk_out3                              | RGB_Light0/RGB_LED_Task0/Driver_SK6805_0/Send_Cnt[9]_i_1_n_1                 | MIPI_Camera_Driver/OV5647/i_rst                                                        |                3 |             10 |
|  MIPI_Trans_Driver/camera_clock/inst/clk_out1               | MIPI_Trans_Driver/Driver_Csi_To_Dvp0/vdata                                   | MIPI_Trans_Driver/Driver_Csi_To_Dvp0/vdata[9]_i_1_n_1                                  |                4 |             10 |
|  MIPI_Trans_Driver/camera_clock/inst/clk_out1               |                                                                              | Mini_HDMI_Driver/U0/DataEncoders[0].DataEncoder/pDataOutRaw[9]_i_1__1_n_0              |                4 |             10 |
|  MIPI_Trans_Driver/Data_Read/U0/clock_system_inst/CLK       | MIPI_Trans_Driver/Driver_Csi_To_Dvp0/axis_tvalid_i_reg_n_1_[0]               | MIPI_Trans_Driver/Driver_Csi_To_Dvp0/flg_down_valid                                    |                3 |             10 |
|  MIPI_Trans_Driver/camera_clock/inst/clk_out1               |                                                                              | MIPI_Trans_Driver/Driver_Csi_To_Dvp0/flg_rise_frame                                    |                6 |             11 |
|  MIPI_Trans_Driver/camera_clock/inst/clk_out1               | MIPI_Trans_Driver/Driver_Bayer_To_RGB0/sel                                   | MIPI_Trans_Driver/Driver_Bayer_To_RGB0/addr_bram[10]_i_1_n_1                           |                3 |             11 |
|  MIPI_Trans_Driver/camera_clock/inst/clk_out1               | MIPI_Trans_Driver/Driver_Csi_To_Dvp0/vid_active_video_o0                     | MIPI_Trans_Driver/Driver_Csi_To_Dvp0/addrb_0                                           |                3 |             11 |
|  clk_out_100_200/inst/clk_out2                              | MIPI_Trans_Driver/Data_Read/U0/clock_system_inst/wait_cnt                    | MIPI_Trans_Driver/Data_Read/U0/clock_system_inst/dly_gen.wait_cnt[12]_i_1_n_0          |                4 |             13 |
|  clk_out_100_200/inst/clk_out2                              |                                                                              |                                                                                        |                9 |             13 |
|  MIPI_Trans_Driver/Data_Read/U0/clock_system_inst/CLK       | MIPI_Trans_Driver/Data_To_Csi/U0/parser_inst/transfer_cnt[15]_i_2_n_0        | MIPI_Trans_Driver/Data_To_Csi/U0/parser_inst/transfer_cnt[15]_i_1_n_0                  |                4 |             16 |
|  MIPI_Trans_Driver/Data_Read/U0/clock_system_inst/CLK       | MIPI_Trans_Driver/Data_To_Csi/U0/parser_inst/packet_size[7]                  |                                                                                        |                4 |             16 |
| ~MIPI_Trans_Driver/Data_Read/U0/clock_system_inst/CLK       |                                                                              |                                                                                        |                5 |             17 |
|  clk_out_100_200/inst/clk_out2                              | MIPI_Trans_Driver/Data_Read/U0/clock_system_inst/dly_gen.acc_cnt[19]_i_1_n_0 |                                                                                        |                5 |             20 |
|  clk_out_100_200/inst/clk_out2                              | MIPI_Trans_Driver/Data_Read/U0/clock_system_inst/dly_gen.acc_val[0]_i_1_n_0  | MIPI_Trans_Driver/Data_Read/U0/clock_system_inst/dly_gen.acc_cnt[19]_i_1_n_0           |                5 |             20 |
|  clk_out_100_200/inst/clk_out2                              |                                                                              | MIPI_Trans_Driver/Data_Read/U0/clock_system_inst/dly_gen.acc_cnt[19]_i_1_n_0           |                6 |             20 |
|  clk_out_100_200/inst/clk_out1                              | MIPI_Camera_Driver/flg_data_ok                                               | MIPI_Camera_Driver/OV5647/i_rst                                                        |                4 |             23 |
|  color_judge_HSV/Clk_Division_1kHz_2/inst/Clk               |                                                                              | color_judge_HSV/Key1/inst/key_out_i_2_n_0                                              |                8 |             23 |
|  n_0_787_BUFG                                               |                                                                              | color_judge_HSV/color_num_reg[2]_i_3_n_1                                               |                6 |             24 |
|  MIPI_Trans_Driver/camera_clock/inst/clk_out1               | MIPI_Trans_Driver/Driver_Bayer_To_RGB0/rgb_data_g[9]_i_1_n_1                 |                                                                                        |                8 |             24 |
|  MIPI_Trans_Driver/Driver_Bayer_To_RGB0/E[0]                |                                                                              | MIPI_Trans_Driver/Driver_Bayer_To_RGB0/AR[0]                                           |                8 |             30 |
|  MIPI_Trans_Driver/camera_clock/inst/clk_out1               |                                                                              | Mini_HDMI_Driver/U0/DataEncoders[0].DataEncoder/SR[0]                                  |               15 |             32 |
|  clk_out_100_200/inst/clk_out1                              |                                                                              | color_judge_HSV/Clk_Division_1kHz_2/inst/Count[0]_i_1_n_0                              |                8 |             32 |
|  MIPI_Trans_Driver/Data_Read/U0/clock_system_inst/CLK       | MIPI_Trans_Driver/Data_Read/U0/dl0_rxvalidhs                                 |                                                                                        |               17 |             48 |
|  n_0_787_BUFG                                               |                                                                              | MIPI_Trans_Driver/Driver_Bayer_To_RGB0/AR[0]                                           |               18 |             72 |
|  clk_out_100_200/inst/clk_out1                              |                                                                              | MIPI_Camera_Driver/OV5647/i_rst                                                        |               35 |            128 |
|  MIPI_Trans_Driver/Data_Read/U0/clock_system_inst/CLK       |                                                                              |                                                                                        |               47 |            140 |
|  MIPI_Trans_Driver/camera_clock/inst/clk_out1               |                                                                              |                                                                                        |               94 |            331 |
+-------------------------------------------------------------+------------------------------------------------------------------------------+----------------------------------------------------------------------------------------+------------------+----------------+


